Logging to C:/Data/Users/sse.zetta@outlook.com/AppData/Local/Packages/CPRUI_pzq3xp76mxafg/TempState/UnityPlayer.log
Loading native plugins
  Loading Microsoft.MixedReality.MovingPlatform.dll
  Loading AudioPluginMicrosoftSpatializerCrossPlatform.dll
  Loading Microsoft.MixedReality.SceneUnderstanding.dll
  Loading HrtfDsp.dll
  Loading Microsoft.MixedReality.PowerThermalNotification.dll
  Loading openxr_loader.dll
Module information:
 Built with Compiler Ver '192829333'
 Built from '2022.3/staging' branch
 Version is '2022.3.15f1 (b58023a2b463)'
 Release build
 Application type 'D3D'
 OS 'Windows 11 (10.0.22621) 64bit'
Found 2 interfaces on host : 0) 192.168.0.64 1) 127.0.0.1
Player connection [7308] Multi-casting "[IP] 192.168.0.64 [Port] 55000 [Flags] 2 [Guid] 1328721969 [EditorId] 0 [Version] 1048832 [Id] UWPPlayerARM(20,HOLOLENS-1KNS6P) [Debug] 0 [PackageName] CPRUI_pzq3xp76mxafg [ProjectName] <no name>" to [225.0.0.222:54997]...

[Physics::Module] Initialized MultithreadedJobDispatcher with 7 workers.
[Subsystems] Discovering subsystems at path C:/Data/Users/DefaultAccount/AppData/Local/DevelopmentFiles/CPRUIVS.Release_ARM64.ryanminseok.kang/Data/UnitySubsystems
[Subsystems] No descriptors matched for  examples in UnitySubsystems/MicrosoftOpenXRPlugin/UnitySubsystemsManifest.json.
[Subsystems] 1 'inputs' descriptors matched in UnitySubsystems/MicrosoftOpenXRPlugin/UnitySubsystemsManifest.json
[Subsystems] No descriptors matched for  displays in UnitySubsystems/MicrosoftOpenXRPlugin/UnitySubsystemsManifest.json.
[Subsystems] 1 'meshings' descriptors matched in UnitySubsystems/MicrosoftOpenXRPlugin/UnitySubsystemsManifest.json
[Subsystems] No descriptors matched for  examples in UnitySubsystems/UnityOpenXR/UnitySubsystemsManifest.json.
[Subsystems] 1 'inputs' descriptors matched in UnitySubsystems/UnityOpenXR/UnitySubsystemsManifest.json
[Subsystems] 1 'displays' descriptors matched in UnitySubsystems/UnityOpenXR/UnitySubsystemsManifest.json
[Subsystems] No descriptors matched for  meshings in UnitySubsystems/UnityOpenXR/UnitySubsystemsManifest.json.
GfxDevice: creating device client; threaded=1; jobified=0
[XR] [7308] [23:55:33.578][Info   ] Available Layers: (0)
Direct3D:
    Version:  Direct3D 11.0 [level 11.1]
    Renderer: Qualcomm(R) Adreno(TM) 630 GPU (ID=0x45373230)
    Vendor:   Qualcomm
    VRAM:     1932 MB
Initialize engine version: 2022.3.15f1 (b58023a2b463)
The referenced script (Unknown) on this Behaviour is missing!
The referenced script on this Behaviour (Game Object '<null>') is missing!
XRGeneral Settings awakening...
UnityEngine.DebugLogHandler:LogFormat(LogType, Object, String, Object[])
UnityEngine.Logger:Log(LogType, Object)
UnityEngine.Debug:Log(Object)
UnityEngine.XR.Management.XRGeneralSettings:Awake()

Successfully created new descriptor
UnityEngine.DebugLogHandler:LogFormat(LogType, Object, String, Object[])
UnityEngine.Logger:Log(LogType, Object)
UnityEngine.Debug:Log(Object)
MixedReality.Toolkit.Accessibility.AccessibilitySubsystemDescriptor:Create(AccessibilitySubsystemCinfo)
MixedReality.Toolkit.Accessibility.MRTKAccessibilitySubsystem:Register()

[Subsystems] Loading plugin UnityOpenXR for subsystem OpenXR Display...
[Subsystems] OpenXR XR Plugin successfully registered Provider for OpenXR Display
[Subsystems] OpenXR XR Plugin successfully registered Provider for OpenXR Input
[Subsystems] OpenXR XR Plugin successfully registered Provider for OpenXR Display
[XR] [7308] [23:55:36.592][Info   ] Available Layers: (0)
[Subsystems] Loading plugin UnityOpenXR for subsystem OpenXR Input...
[Subsystems] Loading plugin MicrosoftOpenXRPlugin for subsystem OpenXR Input Extension...
[Subsystems] OpenXR Extension successfully registered Provider for OpenXR Input Extension
[Subsystems] OpenXR XR Plugin successfully registered Provider for OpenXR Input
[Subsystems] OpenXR XR Plugin successfully registered Provider for OpenXR Display
[XR] [MROpenXR][Info   ][23:55:36.614428][tid:1c8c] InputProvider_RegisterLifecycleProvider
[XR] [MROpenXR][Info   ][23:55:36.614428][tid:1c8c] InputProvider_RegisterLifecycleProvider
[Subsystems] OpenXR Extension successfully registered Provider for OpenXR Input Extension
[Subsystems] OpenXR Extension successfully registered Provider for OpenXR Mesh Extension
[Subsystems] OpenXR XR Plugin successfully registered Provider for OpenXR Input
[Subsystems] OpenXR XR Plugin successfully registered Provider for OpenXR Display
[XR] [MROpenXR][Info   ][23:55:36.615270][tid:1c8c] MeshProvider_RegisterLifecycleProvider
[XR] [MROpenXR][Info   ][23:55:36.615270][tid:1c8c] MeshProvider_RegisterLifecycleProvider
[XR] [MROpenXR][Info   ][23:55:36.616068][tid:1c8c] InputProvider_LifecycleInitialize
[XR] [MROpenXR][Info   ][23:55:36.616068][tid:1c8c] InputProvider_LifecycleInitialize
[Subsystems] Loading plugin MicrosoftOpenXRPlugin for subsystem OpenXR Mesh Extension...
[XR] [MROpenXR][Info   ][23:55:36.620464][tid:1c8c] MeshProvider_LifecycleInitialize
[XR] [MROpenXR][Info   ][23:55:36.620464][tid:1c8c] MeshProvider_LifecycleInitialize
New input system (experimental) initialized
[XR] [MROpenXR][Info   ][23:55:36.787804][tid:1c8c] MicrosoftOpenXRPlugin_ReadHolographicWindowAttachment ReadSuccessfully=True
[XR] [MROpenXR][Info   ][23:55:36.787804][tid:1c8c] MicrosoftOpenXRPlugin_ReadHolographicWindowAttachment ReadSuccessfully=True
[XR] [MROpenXR][Info   ][23:55:36.807814][tid:22a8] SetHolographicWindowAttachment_SpatialInteractionManagerCreated interactionManager=0x24B21CC49C0
[XR] [MROpenXR][Info   ][23:55:36.807814][tid:22a8] SetHolographicWindowAttachment_SpatialInteractionManagerCreated interactionManager=0x24B21CC49C0
[XR] [MROpenXR][Info   ][23:55:37.038023][tid:1c8c] XrViewConfigurationSettings_OnXrSessionCreated SupportedViewConfigType=XR_VIEW_CONFIGURATION_TYPE_PRIMARY_STEREO SupportedReprojectionModesCount=0
[XR] [MROpenXR][Info   ][23:55:37.038023][tid:1c8c] XrViewConfigurationSettings_OnXrSessionCreated SupportedViewConfigType=XR_VIEW_CONFIGURATION_TYPE_PRIMARY_STEREO SupportedReprojectionModesCount=0
[XR] [MROpenXR][Info   ][23:55:37.038722][tid:1c8c] XrViewConfigurationSettings_OnXrSessionCreated SupportedViewConfigType=XR_VIEW_CONFIGURATION_TYPE_SECONDARY_MONO_FIRST_PERSON_OBSERVER_MSFT SupportedReprojectionModesCount=0
[XR] [MROpenXR][Info   ][23:55:37.038722][tid:1c8c] XrViewConfigurationSettings_OnXrSessionCreated SupportedViewConfigType=XR_VIEW_CONFIGURATION_TYPE_SECONDARY_MONO_FIRST_PERSON_OBSERVER_MSFT SupportedReprojectionModesCount=0
[XR] [MROpenXR][Info   ][23:55:37.039087][tid:1c8c] OnSessionCreated GraphicsAPI=XR_TYPE_GRAPHICS_BINDING_D3D11_KHR sessionCreationResult=XR_SUCCESS AppName=CPR_UI_Integration AppVersion=0.2 AppMode=AppMode openXRRuntimeName=Windows Mixed Reality Runtime openXRRuntimeVersion=113.2412.9001 APIVersion=1.0.29 PartA_PrivTags=33554432
[XR] [MROpenXR][Info   ][23:55:37.039087][tid:1c8c] OnSessionCreated GraphicsAPI=XR_TYPE_GRAPHICS_BINDING_D3D11_KHR sessionCreationResult=XR_SUCCESS AppName=CPR_UI_Integration AppVersion=0.2 AppMode=AppMode openXRRuntimeName=Windows Mixed Reality Runtime openXRRuntimeVersion=113.2412.9001 APIVersion=1.0.29 PartA_PrivTags=33554432
[XR] [MROpenXR][Info   ][23:55:37.074288][tid:1c8c] OpenXRContext_OnEvent_XrEventDataSessionStateChanged EventType=XR_TYPE_EVENT_DATA_SESSION_STATE_CHANGED session=2 sessionState=XR_SESSION_STATE_IDLE
[XR] [MROpenXR][Info   ][23:55:37.074288][tid:1c8c] OpenXRContext_OnEvent_XrEventDataSessionStateChanged EventType=XR_TYPE_EVENT_DATA_SESSION_STATE_CHANGED session=2 sessionState=XR_SESSION_STATE_IDLE
[XR] [7308] [23:55:37.075][Info   ] OpenXRSession::HandleSessionStateChangedEvent: state XR_SESSION_STATE_UNKNOWN->XR_SESSION_STATE_IDLE session=2 time=312461865798645
[XR] [MROpenXR][Info   ][23:55:37.075766][tid:1c8c] OpenXRContext_OnEvent_XrEventDataSessionStateChanged EventType=XR_TYPE_EVENT_DATA_SESSION_STATE_CHANGED session=2 sessionState=XR_SESSION_STATE_READY
[XR] [MROpenXR][Info   ][23:55:37.075766][tid:1c8c] OpenXRContext_OnEvent_XrEventDataSessionStateChanged EventType=XR_TYPE_EVENT_DATA_SESSION_STATE_CHANGED session=2 sessionState=XR_SESSION_STATE_READY
[XR] [7308] [23:55:37.077][Info   ] OpenXRSession::HandleSessionStateChangedEvent: state XR_SESSION_STATE_IDLE->XR_SESSION_STATE_READY session=2 time=312461865819843
[XR] [MROpenXR][Info   ][23:55:37.078018][tid:1c8c] ViewConfigurationSettings_PrimaryStereoEnabled
[XR] [MROpenXR][Info   ][23:55:37.078018][tid:1c8c] ViewConfigurationSettings_PrimaryStereoEnabled
[XR] [MROpenXR][Info   ][23:55:37.078718][tid:1c8c] ViewConfigurationSettings_OnSessionBegan_SecondaryBeginInfo EnabledSecondaryViewConfigurationCount=1
[XR] [MROpenXR][Info   ][23:55:37.078718][tid:1c8c] ViewConfigurationSettings_OnSessionBegan_SecondaryBeginInfo EnabledSecondaryViewConfigurationCount=1
[XR] [MROpenXR][Info   ][23:55:37.079057][tid:1c8c] ViewConfigurationSettings_OnSessionBegan_EnabledSecondaryViewConfiguration EnabledSecondaryViewConfiguration=XR_VIEW_CONFIGURATION_TYPE_SECONDARY_MONO_FIRST_PERSON_OBSERVER_MSFT
[XR] [MROpenXR][Info   ][23:55:37.079057][tid:1c8c] ViewConfigurationSettings_OnSessionBegan_EnabledSecondaryViewConfiguration EnabledSecondaryViewConfiguration=XR_VIEW_CONFIGURATION_TYPE_SECONDARY_MONO_FIRST_PERSON_OBSERVER_MSFT
[XR] [MROpenXR][Info   ][23:55:37.079564][tid:1c8c] LocatableCameraProvider_Registered
[XR] [MROpenXR][Info   ][23:55:37.079564][tid:1c8c] LocatableCameraProvider_Registered
[XR] [MROpenXR][Info   ][23:55:37.102443][tid:1c8c] SetSceneOriginSpace oldSpace=0 newSpace=3
[XR] [MROpenXR][Info   ][23:55:37.102443][tid:1c8c] SetSceneOriginSpace oldSpace=0 newSpace=3
[XR] [MROpenXR][Verbose][23:55:37.103129][tid:1c8c] MicrosoftOpenXRPlugin_OnSubsystemsStarting
[XR] [MROpenXR][Info   ][23:55:37.103628][tid:1c8c] InputProvider_LifecycleStart
[XR] [MROpenXR][Info   ][23:55:37.103628][tid:1c8c] InputProvider_LifecycleStart
XRTextureManager::RequestCreateTexture
XRTextureManager::RequestCreateTexture
XRTextureManager::SetupRenderTextureFromXRRequest (id: 1 col: 0000000000000000 d: 0000024CD2BC9770 sr: 0000000000000000)
RenderTexture::Create (id: 1)
IVRDeviceCallback_CreateEyeTextureResources 0000024CD2BC9770
XRTextureManager::SetupRenderTextureFromXRRequest (id: 2 col: 0000024CD2BCB670 d: 0000000000000000 sr: 0000000000000000)
RenderTexture::Create (id: 2)
IVRDeviceCallback_CreateEyeTextureResources 0000024CD2BCB670
[XR] [MROpenXR][Info   ][23:55:37.472261][tid:1c8c] OpenXRContext_OnEvent_XrEventDataSessionStateChanged EventType=XR_TYPE_EVENT_DATA_SESSION_STATE_CHANGED session=2 sessionState=XR_SESSION_STATE_SYNCHRONIZED
[XR] [MROpenXR][Info   ][23:55:37.472261][tid:1c8c] OpenXRContext_OnEvent_XrEventDataSessionStateChanged EventType=XR_TYPE_EVENT_DATA_SESSION_STATE_CHANGED session=2 sessionState=XR_SESSION_STATE_SYNCHRONIZED
[XR] [7308] [23:55:37.472][Info   ] OpenXRSession::HandleSessionStateChangedEvent: state XR_SESSION_STATE_READY->XR_SESSION_STATE_SYNCHRONIZED session=2 time=312462272929479
[XR] [MROpenXR][Info   ][23:55:37.473061][tid:1c8c] OpenXRContext_OnEvent_XrEventDataSessionStateChanged EventType=XR_TYPE_EVENT_DATA_SESSION_STATE_CHANGED session=2 sessionState=XR_SESSION_STATE_VISIBLE
[XR] [MROpenXR][Info   ][23:55:37.473061][tid:1c8c] OpenXRContext_OnEvent_XrEventDataSessionStateChanged EventType=XR_TYPE_EVENT_DATA_SESSION_STATE_CHANGED session=2 sessionState=XR_SESSION_STATE_VISIBLE
[XR] [7308] [23:55:37.473][Info   ] OpenXRSession::HandleSessionStateChangedEvent: state XR_SESSION_STATE_SYNCHRONIZED->XR_SESSION_STATE_VISIBLE session=2 time=312462272938750
[XR] [MROpenXR][Info   ][23:55:37.473477][tid:1c8c] OpenXRContext_OnEvent_XrEventDataSessionStateChanged EventType=XR_TYPE_EVENT_DATA_SESSION_STATE_CHANGED session=2 sessionState=XR_SESSION_STATE_FOCUSED
[XR] [MROpenXR][Info   ][23:55:37.473477][tid:1c8c] OpenXRContext_OnEvent_XrEventDataSessionStateChanged EventType=XR_TYPE_EVENT_DATA_SESSION_STATE_CHANGED session=2 sessionState=XR_SESSION_STATE_FOCUSED
[XR] [7308] [23:55:37.473][Info   ] OpenXRSession::HandleSessionStateChangedEvent: state XR_SESSION_STATE_VISIBLE->XR_SESSION_STATE_FOCUSED session=2 time=312462272940833
[XR] [7308] [23:55:37.473][Info   ] 

==== Start Unity OpenXR Diagnostic Report ====


[XR] [7308] [23:55:37.474][Info   ] ==== Report Reason: System Startup Completed ====


[XR] [7308] [23:55:37.474][Info   ] ==== OpenXR Init Info ====
[XR] [7308] [23:55:37.474][Info   ] 
[XR] [7308] [23:55:37.474][Info   ] Stage 1 Missing Entry Points: (1)
[XR] [7308] [23:55:37.474][Info   ]   xrInitializeLoaderKHR
[XR] [7308] [23:55:37.474][Info   ] 
[XR] [7308] [23:55:37.474][Info   ] ==== OpenXR Provider Info ====
[XR] [7308] [23:55:37.474][Info   ] 
[XR] [7308] [23:55:37.474][Info   ] Spec Version: 1.0.29
[XR] [7308] [23:55:37.474][Info   ] Provider Version: 1.9.1
[XR] [7308] [23:55:37.474][Info   ] App: CPR_UI_Integration #1421044435
[XR] [7308] [23:55:37.474][Info   ] Engine: 2022.3.15f1 #53539841
[XR] [7308] [23:55:37.474][Info   ] 
[XR] [7308] [23:55:37.474][Info   ] ==== OpenXR Runtime Info ====
[XR] [7308] [23:55:37.474][Info   ] 
[XR] [7308] [23:55:37.475][Info   ] Features requested to be enabled: (4)
[XR] [7308] [23:55:37.475][Info   ]   Eye Gaze Interaction Profile: Version=0.0.1, Company="Unity", Extensions="XR_EXT_eye_gaze_interaction"
[XR] [7308] [23:55:37.475][Info   ]   Hand Tracking: Version=1.10.0, Company="Microsoft", Extensions="XR_EXT_hand_tracking XR_EXT_hand_joints_motion_range XR_EXT_hand_tracking_data_source XR_MSFT_hand_tracking_mesh"
[XR] [7308] [23:55:37.475][Info   ]   Mixed Reality Features: Version=1.10.0, Company="Microsoft", Extensions="XR_MSFT_holographic_window_attachment XR_KHR_win32_convert_performance_counter_time XR_MSFT_unbounded_reference_space XR_MSFT_spatial_anchor XR_MSFT_secondary_view_configuration XR_MSFT_first_person_observer XR_MSFT_spatial_graph_bridge XR_MSFT_perception_anchor_interop XR_MSFT_spatial_anchor_persistence XR_MSFT_scene_understanding XR_MSFT_scene_understanding_serialization XR_MSFT_scene_marker XR_MSFT_spatial_anchor_export_preview XR_MSFT_composition_layer_reprojection"
[XR] [7308] [23:55:37.475][Info   ]   Motion Controller Model: Version=1.10.0, Company="Microsoft", Extensions="XR_MSFT_controller_model XR_FB_render_model"
[XR] [7308] [23:55:37.475][Info   ] 
[XR] [7308] [23:55:37.475][Info   ] Requested feature extensions not supported by runtime: (4)
[XR] [7308] [23:55:37.475][Info   ]   XR_EXT_hand_tracking_data_source: Feature="Hand Tracking": Version=1.10.0, Company="Microsoft"
[XR] [7308] [23:55:37.475][Info   ]   XR_MSFT_spatial_anchor_export_preview: Feature="Mixed Reality Features": Version=1.10.0, Company="Microsoft"
[XR] [7308] [23:55:37.475][Info   ]   XR_MSFT_controller_model: Feature="Motion Controller Model": Version=1.10.0, Company="Microsoft"
[XR] [7308] [23:55:37.476][Info   ]   XR_FB_render_model: Feature="Motion Controller Model": Version=1.10.0, Company="Microsoft"
[XR] [7308] [23:55:37.476][Info   ] 
[XR] [7308] [23:55:37.476][Info   ] Available Runtime Extensions: (29)
[XR] [7308] [23:55:37.476][Info   ]   XR_KHR_win32_convert_performance_counter_time: Version=1
[XR] [7308] [23:55:37.476][Info   ]   XR_KHR_D3D11_enable: Version=9
[XR] [7308] [23:55:37.476][Info   ]   XR_KHR_D3D12_enable: Version=9
[XR] [7308] [23:55:37.476][Info   ]   XR_KHR_composition_layer_depth: Version=6
[XR] [7308] [23:55:37.476][Info   ]   XR_KHR_composition_layer_color_scale_bias: Version=5
[XR] [7308] [23:55:37.476][Info   ]   XR_MSFT_unbounded_reference_space: Version=1
[XR] [7308] [23:55:37.476][Info   ]   XR_MSFT_spatial_anchor: Version=2
[XR] [7308] [23:55:37.476][Info   ]   XR_MSFT_perception_anchor_interop: Version=1
[XR] [7308] [23:55:37.476][Info   ]   XR_EXT_win32_appcontainer_compatible: Version=1
[XR] [7308] [23:55:37.476][Info   ]   XR_EXT_conformance_automation: Version=3
[XR] [7308] [23:55:37.476][Info   ]   XR_MSFT_composition_layer_reprojection: Version=1
[XR] [7308] [23:55:37.476][Info   ]   XR_MSFT_spatial_graph_bridge: Version=2
[XR] [7308] [23:55:37.476][Info   ]   XR_MSFT_spatial_anchor_persistence: Version=2
[XR] [7308] [23:55:37.476][Info   ]   XR_EXT_palm_pose: Version=2
[XR] [7308] [23:55:37.477][Info   ]   XR_EXT_active_action_set_priority: Version=1
[XR] [7308] [23:55:37.477][Info   ]   XR_MSFT_scene_understanding: Version=2
[XR] [7308] [23:55:37.478][Info   ]   XR_MSFT_scene_understanding_serialization: Version=2
[XR] [7308] [23:55:37.478][Info   ]   XR_MSFT_scene_marker: Version=1
[XR] [7308] [23:55:37.478][Info   ]   XR_FB_display_refresh_rate: Version=1
[XR] [7308] [23:55:37.478][Info   ]   XR_EXT_eye_gaze_interaction: Version=2
[XR] [7308] [23:55:37.478][Info   ]   XR_EXT_hand_interaction: Version=1
[XR] [7308] [23:55:37.478][Info   ]   XR_MSFT_hand_interaction: Version=1
[XR] [7308] [23:55:37.478][Info   ]   XR_EXT_hand_tracking: Version=4
[XR] [7308] [23:55:37.478][Info   ]   XR_EXT_hand_joints_motion_range: Version=1
[XR] [7308] [23:55:37.478][Info   ]   XR_MSFT_hand_tracking_mesh: Version=4
[XR] [7308] [23:55:37.478][Info   ]   XR_MSFT_holographic_window_attachment: Version=1
[XR] [7308] [23:55:37.479][Info   ]   XR_MSFT_secondary_view_configuration: Version=1
[XR] [7308] [23:55:37.479][Info   ]   XR_MSFT_first_person_observer: Version=1
[XR] [7308] [23:55:37.479][Info   ]   XR_EXT_debug_utils: Version=4
[XR] [7308] [23:55:37.479][Info   ] 
[XR] [7308] [23:55:37.479][Info   ] Available Layers: (0)
[XR] [7308] [23:55:37.479][Info   ] 
[XR] [7308] [23:55:37.479][Info   ] Runtime Name: Windows Mixed Reality Runtime
[XR] [7308] [23:55:37.479][Info   ] Runtime Version: 113.2412.9001
[XR] [7308] [23:55:37.479][Info   ] 
[XR] [7308] [23:55:37.479][Info   ] Form factor: XR_FORM_FACTOR_HEAD_MOUNTED_DISPLAY
[XR] [7308] [23:55:37.479][Info   ] 
[XR] [7308] [23:55:37.479][Info   ] Runtime extensions enabled: (19)
[XR] [7308] [23:55:37.479][Info   ]   XR_EXT_eye_gaze_interaction: Version=2
[XR] [7308] [23:55:37.479][Info   ]   XR_EXT_hand_joints_motion_range: Version=1
[XR] [7308] [23:55:37.479][Info   ]   XR_EXT_hand_tracking: Version=4
[XR] [7308] [23:55:37.479][Info   ]   XR_KHR_D3D11_enable: Version=9
[XR] [7308] [23:55:37.479][Info   ]   XR_KHR_composition_layer_depth: Version=6
[XR] [7308] [23:55:37.479][Info   ]   XR_KHR_win32_convert_performance_counter_time: Version=1
[XR] [7308] [23:55:37.479][Info   ]   XR_MSFT_composition_layer_reprojection: Version=1
[XR] [7308] [23:55:37.479][Info   ]   XR_MSFT_first_person_observer: Version=1
[XR] [7308] [23:55:37.479][Info   ]   XR_MSFT_hand_tracking_mesh: Version=4
[XR] [7308] [23:55:37.479][Info   ]   XR_MSFT_holographic_window_attachment: Version=1
[XR] [7308] [23:55:37.479][Info   ]   XR_MSFT_perception_anchor_interop: Version=1
[XR] [7308] [23:55:37.480][Info   ]   XR_MSFT_scene_marker: Version=1
[XR] [7308] [23:55:37.480][Info   ]   XR_MSFT_scene_understanding: Version=2
[XR] [7308] [23:55:37.480][Info   ]   XR_MSFT_scene_understanding_serialization: Version=2
[XR] [7308] [23:55:37.480][Info   ]   XR_MSFT_secondary_view_configuration: Version=1
[XR] [7308] [23:55:37.480][Info   ]   XR_MSFT_spatial_anchor: Version=2
[XR] [7308] [23:55:37.480][Info   ]   XR_MSFT_spatial_anchor_persistence: Version=2
[XR] [7308] [23:55:37.480][Info   ]   XR_MSFT_spatial_graph_bridge: Version=2
[XR] [7308] [23:55:37.480][Info   ]   XR_MSFT_unbounded_reference_space: Version=1
[XR] [7308] [23:55:37.480][Info   ] 
[XR] [7308] [23:55:37.480][Info   ] Available Reference Spaces: (3)
[XR] [7308] [23:55:37.480][Info   ]   XR_REFERENCE_SPACE_TYPE_VIEW
[XR] [7308] [23:55:37.480][Info   ]   XR_REFERENCE_SPACE_TYPE_LOCAL
[XR] [7308] [23:55:37.480][Info   ]   XR_REFERENCE_SPACE_TYPE_UNBOUNDED_MSFT
[XR] [7308] [23:55:37.480][Info   ] 
[XR] [7308] [23:55:37.480][Info   ] Instance Id  : 0x1
[XR] [7308] [23:55:37.480][Info   ] System Id    : 0x1
[XR] [7308] [23:55:37.480][Info   ] Session Id   : 0x2
[XR] [7308] [23:55:37.480][Info   ] 
[XR] [7308] [23:55:37.480][Info   ] Available View Configuration Types: (2)
[XR] [7308] [23:55:37.480][Info   ]   XR_VIEW_CONFIGURATION_TYPE_PRIMARY_STEREO (Selected): FovMutable=True
[XR] [7308] [23:55:37.480][Info   ]     [0]: Recommended: Width=1440, Height=936, SampleCount=1
[XR] [7308] [23:55:37.480][Info   ]     [0]:     Maximum: Width=2880, Height=1872, SampleCount=4
[XR] [7308] [23:55:37.480][Info   ]     [1]: Recommended: Width=1440, Height=936, SampleCount=1
[XR] [7308] [23:55:37.481][Info   ]     [1]:     Maximum: Width=2880, Height=1872, SampleCount=4
[XR] [7308] [23:55:37.481][Info   ]   XR_VIEW_CONFIGURATION_TYPE_SECONDARY_MONO_FIRST_PERSON_OBSERVER_MSFT: FovMutable=True
[XR] [7308] [23:55:37.481][Info   ]     [0]: Recommended: Width=2272, Height=1276, SampleCount=1
[XR] [7308] [23:55:37.481][Info   ]     [0]:     Maximum: Width=4544, Height=2556, SampleCount=4
[XR] [7308] [23:55:37.481][Info   ] 
[XR] [7308] [23:55:37.481][Info   ] Skip Present To Main Screen: Yes
[XR] [7308] [23:55:37.481][Info   ] 
[XR] [7308] [23:55:37.481][Info   ] Available Environment Blend Modes: (1)
[XR] [7308] [23:55:37.481][Info   ]   XR_ENVIRONMENT_BLEND_MODE_ADDITIVE (Selected)
[XR] [7308] [23:55:37.481][Info   ] 
[XR] [7308] [23:55:37.481][Info   ] System Properties: Name="Windows Mixed Reality", VendorId=1118
[XR] [7308] [23:55:37.481][Info   ] System Graphics Properties: MaxWidth=16384, MaxHeight=16384, MaxLayers=16
[XR] [7308] [23:55:37.481][Info   ] System Tracking Properties: OrientationTracking=True, PositionTracking=True
[XR] [7308] [23:55:37.481][Info   ] 
[XR] [7308] [23:55:37.481][Info   ] ==== OpenXR Input ====
[XR] [7308] [23:55:37.481][Info   ] 
[XR] [7308] [23:55:37.481][Info   ] Action Sets (1): 
[XR] [7308] [23:55:37.481][Info   ]   eyegaze: ActionCount=1
[XR] [7308] [23:55:37.481][Info   ] 
[XR] [7308] [23:55:37.481][Info   ] 
[XR] [7308] [23:55:37.481][Info   ] ==== OpenXR Swapchain Details ====
[XR] [7308] [23:55:37.481][Info   ] 
[XR] [7308] [23:55:37.482][Info   ] Render Mode: Single Pass Instanced
[XR] [7308] [23:55:37.482][Info   ] Depth Submission Mode: Depth16Bit
[XR] [7308] [23:55:37.482][Info   ] 
[XR] [7308] [23:55:37.482][Info   ] Swapchain Formats:  [c:91] 87 28 29 [d:55] 45 40 20
[XR] [7308] [23:55:37.482][Info   ] Swapchain Views: (2)
[XR] [7308] [23:55:37.482][Info   ]   [0]: Width=1440, Height=936, SampleCount=1
[XR] [7308] [23:55:37.482][Info   ] 
[XR] [7308] [23:55:37.482][Info   ] ==== Last 20 Events ====
[XR] [7308] [23:55:37.482][Info   ] XrEventDataSessionStateChanged: XR_SESSION_STATE_UNKNOWN->XR_SESSION_STATE_IDLE
[XR] [7308] [23:55:37.482][Info   ] XrEventDataSessionStateChanged: XR_SESSION_STATE_IDLE->XR_SESSION_STATE_READY
[XR] [7308] [23:55:37.482][Info   ] XrEventDataSessionStateChanged: XR_SESSION_STATE_READY->XR_SESSION_STATE_SYNCHRONIZED
[XR] [7308] [23:55:37.482][Info   ] XrEventDataSessionStateChanged: XR_SESSION_STATE_SYNCHRONIZED->XR_SESSION_STATE_VISIBLE
[XR] [7308] [23:55:37.482][Info   ] XrEventDataSessionStateChanged: XR_SESSION_STATE_VISIBLE->XR_SESSION_STATE_FOCUSED
[XR] [7308] [23:55:37.482][Info   ] 

==== End Unity OpenXR Diagnostic Report ====


The referenced script on this Behaviour (Game Object 'MRTK Interaction Manager') is missing!
XRTextureManager::RequestCreateTexture
XRTextureManager::RequestCreateTexture
XRTextureManager::SetupRenderTextureFromXRRequest (id: 3 col: 0000000000000000 d: 0000024CD2BCA070 sr: 0000000000000000)
RenderTexture::Create (id: 3)
IVRDeviceCallback_CreateEyeTextureResources 0000024CD2BCA070
XRTextureManager::SetupRenderTextureFromXRRequest (id: 4 col: 0000024CD2BC90F0 d: 0000000000000000 sr: 0000000000000000)
RenderTexture::Create (id: 4)
IVRDeviceCallback_CreateEyeTextureResources 0000024CD2BC90F0
XRTextureManager::RequestCreateTexture
XRTextureManager::RequestCreateTexture
XRTextureManager::SetupRenderTextureFromXRRequest (id: 5 col: 0000000000000000 d: 0000024CD2BC8AF0 sr: 0000000000000000)
RenderTexture::Create (id: 5)
IVRDeviceCallback_CreateEyeTextureResources 0000024CD2BC8AF0
XRTextureManager::SetupRenderTextureFromXRRequest (id: 6 col: 0000024CD2BC93F0 d: 0000000000000000 sr: 0000000000000000)
RenderTexture::Create (id: 6)
IVRDeviceCallback_CreateEyeTextureResources 0000024CD2BC93F0
[XR] [MROpenXR][Info   ][23:55:37.769869][tid:1c8c] OpenXRContext_OnEvent_XrEventDataInteractionProfileChanged EventType=XR_TYPE_EVENT_DATA_INTERACTION_PROFILE_CHANGED session=2 leftHand=none rightHand=none
[XR] [MROpenXR][Info   ][23:55:37.769869][tid:1c8c] OpenXRContext_OnEvent_XrEventDataInteractionProfileChanged EventType=XR_TYPE_EVENT_DATA_INTERACTION_PROFILE_CHANGED session=2 leftHand=none rightHand=none
UnloadTime: 3.528125 ms
[MRTKLifecycleManager] Creating MixedReality.Toolkit.Accessibility.MRTKAccessibilitySubsystem
UnityEngine.DebugLogHandler:LogFormat(LogType, Object, String, Object[])
UnityEngine.Logger:Log(LogType, Object)
UnityEngine.Debug:Log(Object)
MixedReality.Toolkit.Subsystems.MRTKLifecycleManager:Awake()

[MRTKLifecycleManager] Creating MixedReality.Toolkit.Input.MRTKHandsAggregatorSubsystem
UnityEngine.DebugLogHandler:LogFormat(LogType, Object, String, Object[])
UnityEngine.Logger:Log(LogType, Object)
UnityEngine.Debug:Log(Object)
MixedReality.Toolkit.Subsystems.MRTKLifecycleManager:Awake()

[MRTKLifecycleManager] Creating MixedReality.Toolkit.Input.OpenXRHandsSubsystem
UnityEngine.DebugLogHandler:LogFormat(LogType, Object, String, Object[])
UnityEngine.Logger:Log(LogType, Object)
UnityEngine.Debug:Log(Object)
MixedReality.Toolkit.Subsystems.MRTKLifecycleManager:Awake()

[MRTKLifecycleManager] Creating MixedReality.Toolkit.Input.SyntheticHandsSubsystem
UnityEngine.DebugLogHandler:LogFormat(LogType, Object, String, Object[])
UnityEngine.Logger:Log(LogType, Object)
UnityEngine.Debug:Log(Object)
MixedReality.Toolkit.Subsystems.MRTKLifecycleManager:Awake()

[MRTKLifecycleManager] Starting MixedReality.Toolkit.Accessibility.MRTKAccessibilitySubsystem
UnityEngine.DebugLogHandler:LogFormat(LogType, Object, String, Object[])
UnityEngine.Logger:Log(LogType, Object)
UnityEngine.Debug:Log(Object)
MixedReality.Toolkit.Subsystems.MRTKLifecycleManager:OnEnable()

[MRTKLifecycleManager] Starting MixedReality.Toolkit.Input.MRTKHandsAggregatorSubsystem
UnityEngine.DebugLogHandler:LogFormat(LogType, Object, String, Object[])
UnityEngine.Logger:Log(LogType, Object)
UnityEngine.Debug:Log(Object)
MixedReality.Toolkit.Subsystems.MRTKLifecycleManager:OnEnable()

[MRTKLifecycleManager] Starting MixedReality.Toolkit.Input.OpenXRHandsSubsystem
UnityEngine.DebugLogHandler:LogFormat(LogType, Object, String, Object[])
UnityEngine.Logger:Log(LogType, Object)
UnityEngine.Debug:Log(Object)
MixedReality.Toolkit.Subsystems.MRTKLifecycleManager:OnEnable()

[MRTKLifecycleManager] Starting MixedReality.Toolkit.Input.SyntheticHandsSubsystem
UnityEngine.DebugLogHandler:LogFormat(LogType, Object, String, Object[])
UnityEngine.Logger:Log(LogType, Object)
UnityEngine.Debug:Log(Object)
MixedReality.Toolkit.Subsystems.MRTKLifecycleManager:OnEnable()

UnboundedTrackingMode: TrySetTrackingOriginMode to Unbounded
UnityEngine.DebugLogHandler:LogFormat(LogType, Object, String, Object[])
UnityEngine.Logger:Log(LogType, Object)
UnityEngine.Debug:Log(Object)
MixedReality.Toolkit.Input.UnboundedTrackingMode:EnsureUnboundedModeSetIfSupported()
MixedReality.Toolkit.Input.UnboundedTrackingMode:OnEnable()

[XR] [MROpenXR][Info   ][23:55:41.764783][tid:1c8c] SetSceneOriginSpace oldSpace=3 newSpace=5
[XR] [MROpenXR][Info   ][23:55:41.764783][tid:1c8c] SetSceneOriginSpace oldSpace=3 newSpace=5
Connecting...
UnityEngine.DebugLogHandler:LogFormat(LogType, Object, String, Object[])
UnityEngine.Logger:Log(LogType, Object)
UnityEngine.Debug:Log(Object)
EventManager:Start()

0
UnityEngine.DebugLogHandler:LogFormat(LogType, Object, String, Object[])
UnityEngine.Logger:Log(LogType, Object)
UnityEngine.Debug:Log(Object)
EventManager:initializeSessions()
EventManager:getSessions()
EventManager:Start()

0
UnityEngine.DebugLogHandler:LogFormat(LogType, Object, String, Object[])
UnityEngine.Logger:Log(LogType, Object)
UnityEngine.Debug:Log(Object)
EventManager:initializeSessions()
EventManager:getSessions()
EventManager:Start()

0
UnityEngine.DebugLogHandler:LogFormat(LogType, Object, String, Object[])
UnityEngine.Logger:Log(LogType, Object)
UnityEngine.Debug:Log(Object)
EventManager:initializeSessions()
<GetProcesses>d__113:MoveNext()
UnityEngine.SetupCoroutine:InvokeMoveNext(IEnumerator, IntPtr)

0
UnityEngine.DebugLogHandler:LogFormat(LogType, Object, String, Object[])
UnityEngine.Logger:Log(LogType, Object)
UnityEngine.Debug:Log(Object)
EventManager:initializeSessions()
<GetProcesses>d__113:MoveNext()
UnityEngine.SetupCoroutine:InvokeMoveNext(IEnumerator, IntPtr)

