Logging to C:/Data/Users/sse.zetta@outlook.com/AppData/Local/Packages/CPRUI_pzq3xp76mxafg/TempState/UnityPlayer.log
Loading native plugins
  Loading Microsoft.MixedReality.MovingPlatform.dll
  Loading AudioPluginMicrosoftSpatializerCrossPlatform.dll
  Loading Microsoft.MixedReality.SceneUnderstanding.dll
  Loading HrtfDsp.dll
  Loading Microsoft.MixedReality.PowerThermalNotification.dll
  Loading openxr_loader.dll
Module information:
 Built with Compiler Ver '192829333'
 Built from '2022.3/staging' branch
 Version is '2022.3.15f1 (b58023a2b463)'
 Release build
 Application type 'D3D'
 OS 'Windows 11 (10.0.22621) 64bit'
Found 2 interfaces on host : 0) 192.168.0.64 1) 127.0.0.1
Player connection [6844] Multi-casting "[IP] 192.168.0.64 [Port] 55000 [Flags] 2 [Guid] 2714422710 [EditorId] 0 [Version] 1048832 [Id] UWPPlayerARM(20,HOLOLENS-1KNS6P) [Debug] 0 [PackageName] CPRUI_pzq3xp76mxafg [ProjectName] <no name>" to [225.0.0.222:54997]...

[Physics::Module] Initialized MultithreadedJobDispatcher with 7 workers.
[Subsystems] Discovering subsystems at path C:/Data/Users/DefaultAccount/AppData/Local/DevelopmentFiles/CPRUIVS.Release_ARM64.ryanminseok.kang/Data/UnitySubsystems
[Subsystems] No descriptors matched for  examples in UnitySubsystems/MicrosoftOpenXRPlugin/UnitySubsystemsManifest.json.
[Subsystems] 1 'inputs' descriptors matched in UnitySubsystems/MicrosoftOpenXRPlugin/UnitySubsystemsManifest.json
[Subsystems] No descriptors matched for  displays in UnitySubsystems/MicrosoftOpenXRPlugin/UnitySubsystemsManifest.json.
[Subsystems] 1 'meshings' descriptors matched in UnitySubsystems/MicrosoftOpenXRPlugin/UnitySubsystemsManifest.json
[Subsystems] No descriptors matched for  examples in UnitySubsystems/UnityOpenXR/UnitySubsystemsManifest.json.
[Subsystems] 1 'inputs' descriptors matched in UnitySubsystems/UnityOpenXR/UnitySubsystemsManifest.json
[Subsystems] 1 'displays' descriptors matched in UnitySubsystems/UnityOpenXR/UnitySubsystemsManifest.json
[Subsystems] No descriptors matched for  meshings in UnitySubsystems/UnityOpenXR/UnitySubsystemsManifest.json.
GfxDevice: creating device client; threaded=1; jobified=0
[XR] [6844] [00:05:33.679][Info   ] Available Layers: (0)
Direct3D:
    Version:  Direct3D 11.0 [level 11.1]
    Renderer: Qualcomm(R) Adreno(TM) 630 GPU (ID=0x45373230)
    Vendor:   Qualcomm
    VRAM:     1932 MB
Initialize engine version: 2022.3.15f1 (b58023a2b463)
The referenced script (Unknown) on this Behaviour is missing!
The referenced script on this Behaviour (Game Object '<null>') is missing!
XRGeneral Settings awakening...
UnityEngine.DebugLogHandler:LogFormat(LogType, Object, String, Object[])
UnityEngine.Logger:Log(LogType, Object)
UnityEngine.Debug:Log(Object)
UnityEngine.XR.Management.XRGeneralSettings:Awake()

Successfully created new descriptor
UnityEngine.DebugLogHandler:LogFormat(LogType, Object, String, Object[])
UnityEngine.Logger:Log(LogType, Object)
UnityEngine.Debug:Log(Object)
MixedReality.Toolkit.Accessibility.AccessibilitySubsystemDescriptor:Create(AccessibilitySubsystemCinfo)
MixedReality.Toolkit.Accessibility.MRTKAccessibilitySubsystem:Register()

[Subsystems] Loading plugin UnityOpenXR for subsystem OpenXR Display...
[Subsystems] OpenXR XR Plugin successfully registered Provider for OpenXR Display
[Subsystems] OpenXR XR Plugin successfully registered Provider for OpenXR Input
[Subsystems] OpenXR XR Plugin successfully registered Provider for OpenXR Display
[XR] [6844] [00:05:35.816][Info   ] Available Layers: (0)
[Subsystems] Loading plugin UnityOpenXR for subsystem OpenXR Input...
[Subsystems] Loading plugin MicrosoftOpenXRPlugin for subsystem OpenXR Input Extension...
[Subsystems] OpenXR Extension successfully registered Provider for OpenXR Input Extension
[Subsystems] OpenXR XR Plugin successfully registered Provider for OpenXR Input
[Subsystems] OpenXR XR Plugin successfully registered Provider for OpenXR Display
[XR] [MROpenXR][Info   ][00:05:35.839118][tid:1abc] InputProvider_RegisterLifecycleProvider
[XR] [MROpenXR][Info   ][00:05:35.839118][tid:1abc] InputProvider_RegisterLifecycleProvider
[Subsystems] OpenXR Extension successfully registered Provider for OpenXR Input Extension
[Subsystems] OpenXR Extension successfully registered Provider for OpenXR Mesh Extension
[Subsystems] OpenXR XR Plugin successfully registered Provider for OpenXR Input
[Subsystems] OpenXR XR Plugin successfully registered Provider for OpenXR Display
[XR] [MROpenXR][Info   ][00:05:35.839600][tid:1abc] MeshProvider_RegisterLifecycleProvider
[XR] [MROpenXR][Info   ][00:05:35.839600][tid:1abc] MeshProvider_RegisterLifecycleProvider
[XR] [MROpenXR][Info   ][00:05:35.839717][tid:1abc] InputProvider_LifecycleInitialize
[XR] [MROpenXR][Info   ][00:05:35.839717][tid:1abc] InputProvider_LifecycleInitialize
[Subsystems] Loading plugin MicrosoftOpenXRPlugin for subsystem OpenXR Mesh Extension...
[XR] [MROpenXR][Info   ][00:05:35.842924][tid:1abc] MeshProvider_LifecycleInitialize
[XR] [MROpenXR][Info   ][00:05:35.842924][tid:1abc] MeshProvider_LifecycleInitialize
New input system (experimental) initialized
[XR] [MROpenXR][Info   ][00:05:35.914950][tid:1abc] MicrosoftOpenXRPlugin_ReadHolographicWindowAttachment ReadSuccessfully=True
[XR] [MROpenXR][Info   ][00:05:35.914950][tid:1abc] MicrosoftOpenXRPlugin_ReadHolographicWindowAttachment ReadSuccessfully=True
[XR] [MROpenXR][Info   ][00:05:35.923097][tid:1ae4] SetHolographicWindowAttachment_SpatialInteractionManagerCreated interactionManager=0x2B6F3D09D00
[XR] [MROpenXR][Info   ][00:05:35.923097][tid:1ae4] SetHolographicWindowAttachment_SpatialInteractionManagerCreated interactionManager=0x2B6F3D09D00
[XR] [MROpenXR][Info   ][00:05:36.435490][tid:1abc] XrViewConfigurationSettings_OnXrSessionCreated SupportedViewConfigType=XR_VIEW_CONFIGURATION_TYPE_PRIMARY_STEREO SupportedReprojectionModesCount=0
[XR] [MROpenXR][Info   ][00:05:36.435490][tid:1abc] XrViewConfigurationSettings_OnXrSessionCreated SupportedViewConfigType=XR_VIEW_CONFIGURATION_TYPE_PRIMARY_STEREO SupportedReprojectionModesCount=0
[XR] [MROpenXR][Info   ][00:05:36.435650][tid:1abc] XrViewConfigurationSettings_OnXrSessionCreated SupportedViewConfigType=XR_VIEW_CONFIGURATION_TYPE_SECONDARY_MONO_FIRST_PERSON_OBSERVER_MSFT SupportedReprojectionModesCount=0
[XR] [MROpenXR][Info   ][00:05:36.435650][tid:1abc] XrViewConfigurationSettings_OnXrSessionCreated SupportedViewConfigType=XR_VIEW_CONFIGURATION_TYPE_SECONDARY_MONO_FIRST_PERSON_OBSERVER_MSFT SupportedReprojectionModesCount=0
[XR] [MROpenXR][Info   ][00:05:36.435754][tid:1abc] OnSessionCreated GraphicsAPI=XR_TYPE_GRAPHICS_BINDING_D3D11_KHR sessionCreationResult=XR_SUCCESS AppName=CPR_UI_Integration AppVersion=0.2 AppMode=AppMode openXRRuntimeName=Windows Mixed Reality Runtime openXRRuntimeVersion=113.2412.9001 APIVersion=1.0.29 PartA_PrivTags=33554432
[XR] [MROpenXR][Info   ][00:05:36.435754][tid:1abc] OnSessionCreated GraphicsAPI=XR_TYPE_GRAPHICS_BINDING_D3D11_KHR sessionCreationResult=XR_SUCCESS AppName=CPR_UI_Integration AppVersion=0.2 AppMode=AppMode openXRRuntimeName=Windows Mixed Reality Runtime openXRRuntimeVersion=113.2412.9001 APIVersion=1.0.29 PartA_PrivTags=33554432
[XR] [MROpenXR][Info   ][00:05:36.460192][tid:1abc] OpenXRContext_OnEvent_XrEventDataSessionStateChanged EventType=XR_TYPE_EVENT_DATA_SESSION_STATE_CHANGED session=2 sessionState=XR_SESSION_STATE_IDLE
[XR] [MROpenXR][Info   ][00:05:36.460192][tid:1abc] OpenXRContext_OnEvent_XrEventDataSessionStateChanged EventType=XR_TYPE_EVENT_DATA_SESSION_STATE_CHANGED session=2 sessionState=XR_SESSION_STATE_IDLE
[XR] [6844] [00:05:36.460][Info   ] OpenXRSession::HandleSessionStateChangedEvent: state XR_SESSION_STATE_UNKNOWN->XR_SESSION_STATE_IDLE session=2 time=313061263448802
[XR] [MROpenXR][Info   ][00:05:36.461344][tid:1abc] OpenXRContext_OnEvent_XrEventDataSessionStateChanged EventType=XR_TYPE_EVENT_DATA_SESSION_STATE_CHANGED session=2 sessionState=XR_SESSION_STATE_READY
[XR] [MROpenXR][Info   ][00:05:36.461344][tid:1abc] OpenXRContext_OnEvent_XrEventDataSessionStateChanged EventType=XR_TYPE_EVENT_DATA_SESSION_STATE_CHANGED session=2 sessionState=XR_SESSION_STATE_READY
[XR] [6844] [00:05:36.461][Info   ] OpenXRSession::HandleSessionStateChangedEvent: state XR_SESSION_STATE_IDLE->XR_SESSION_STATE_READY session=2 time=313061263466979
[XR] [MROpenXR][Info   ][00:05:36.462874][tid:1abc] ViewConfigurationSettings_PrimaryStereoEnabled
[XR] [MROpenXR][Info   ][00:05:36.462874][tid:1abc] ViewConfigurationSettings_PrimaryStereoEnabled
[XR] [MROpenXR][Info   ][00:05:36.462977][tid:1abc] ViewConfigurationSettings_OnSessionBegan_SecondaryBeginInfo EnabledSecondaryViewConfigurationCount=1
[XR] [MROpenXR][Info   ][00:05:36.462977][tid:1abc] ViewConfigurationSettings_OnSessionBegan_SecondaryBeginInfo EnabledSecondaryViewConfigurationCount=1
[XR] [MROpenXR][Info   ][00:05:36.463088][tid:1abc] ViewConfigurationSettings_OnSessionBegan_EnabledSecondaryViewConfiguration EnabledSecondaryViewConfiguration=XR_VIEW_CONFIGURATION_TYPE_SECONDARY_MONO_FIRST_PERSON_OBSERVER_MSFT
[XR] [MROpenXR][Info   ][00:05:36.463088][tid:1abc] ViewConfigurationSettings_OnSessionBegan_EnabledSecondaryViewConfiguration EnabledSecondaryViewConfiguration=XR_VIEW_CONFIGURATION_TYPE_SECONDARY_MONO_FIRST_PERSON_OBSERVER_MSFT
[XR] [MROpenXR][Info   ][00:05:36.463300][tid:1abc] LocatableCameraProvider_Registered
[XR] [MROpenXR][Info   ][00:05:36.463300][tid:1abc] LocatableCameraProvider_Registered
[XR] [MROpenXR][Info   ][00:05:36.484894][tid:1abc] SetSceneOriginSpace oldSpace=0 newSpace=3
[XR] [MROpenXR][Info   ][00:05:36.484894][tid:1abc] SetSceneOriginSpace oldSpace=0 newSpace=3
[XR] [MROpenXR][Verbose][00:05:36.485199][tid:1abc] MicrosoftOpenXRPlugin_OnSubsystemsStarting
[XR] [MROpenXR][Info   ][00:05:36.485268][tid:1abc] InputProvider_LifecycleStart
[XR] [MROpenXR][Info   ][00:05:36.485268][tid:1abc] InputProvider_LifecycleStart
The referenced script on this Behaviour (Game Object 'MRTK Interaction Manager') is missing!
XRTextureManager::RequestCreateTexture
XRTextureManager::RequestCreateTexture
XRTextureManager::SetupRenderTextureFromXRRequest (id: 1 col: 0000000000000000 d: 000002B8A605F670 sr: 0000000000000000)
RenderTexture::Create (id: 1)
IVRDeviceCallback_CreateEyeTextureResources 000002B8A605F670
XRTextureManager::SetupRenderTextureFromXRRequest (id: 2 col: 000002B8A605CAF0 d: 0000000000000000 sr: 0000000000000000)
RenderTexture::Create (id: 2)
IVRDeviceCallback_CreateEyeTextureResources 000002B8A605CAF0
[XR] [MROpenXR][Info   ][00:05:37.410695][tid:1abc] OpenXRContext_OnEvent_XrEventDataSessionStateChanged EventType=XR_TYPE_EVENT_DATA_SESSION_STATE_CHANGED session=2 sessionState=XR_SESSION_STATE_SYNCHRONIZED
[XR] [MROpenXR][Info   ][00:05:37.410695][tid:1abc] OpenXRContext_OnEvent_XrEventDataSessionStateChanged EventType=XR_TYPE_EVENT_DATA_SESSION_STATE_CHANGED session=2 sessionState=XR_SESSION_STATE_SYNCHRONIZED
[XR] [6844] [00:05:37.411][Info   ] OpenXRSession::HandleSessionStateChangedEvent: state XR_SESSION_STATE_READY->XR_SESSION_STATE_SYNCHRONIZED session=2 time=313062235625416
[XR] [MROpenXR][Info   ][00:05:37.411508][tid:1abc] OpenXRContext_OnEvent_XrEventDataSessionStateChanged EventType=XR_TYPE_EVENT_DATA_SESSION_STATE_CHANGED session=2 sessionState=XR_SESSION_STATE_VISIBLE
[XR] [MROpenXR][Info   ][00:05:37.411508][tid:1abc] OpenXRContext_OnEvent_XrEventDataSessionStateChanged EventType=XR_TYPE_EVENT_DATA_SESSION_STATE_CHANGED session=2 sessionState=XR_SESSION_STATE_VISIBLE
[XR] [6844] [00:05:37.411][Info   ] OpenXRSession::HandleSessionStateChangedEvent: state XR_SESSION_STATE_SYNCHRONIZED->XR_SESSION_STATE_VISIBLE session=2 time=313062235633541
[XR] [MROpenXR][Info   ][00:05:37.411681][tid:1abc] OpenXRContext_OnEvent_XrEventDataSessionStateChanged EventType=XR_TYPE_EVENT_DATA_SESSION_STATE_CHANGED session=2 sessionState=XR_SESSION_STATE_FOCUSED
[XR] [MROpenXR][Info   ][00:05:37.411681][tid:1abc] OpenXRContext_OnEvent_XrEventDataSessionStateChanged EventType=XR_TYPE_EVENT_DATA_SESSION_STATE_CHANGED session=2 sessionState=XR_SESSION_STATE_FOCUSED
[XR] [6844] [00:05:37.411][Info   ] OpenXRSession::HandleSessionStateChangedEvent: state XR_SESSION_STATE_VISIBLE->XR_SESSION_STATE_FOCUSED session=2 time=313062235635208
[XR] [6844] [00:05:37.412][Info   ] 

==== Start Unity OpenXR Diagnostic Report ====


[XR] [6844] [00:05:37.412][Info   ] ==== Report Reason: System Startup Completed ====


[XR] [6844] [00:05:37.412][Info   ] ==== OpenXR Init Info ====
[XR] [6844] [00:05:37.412][Info   ] 
[XR] [6844] [00:05:37.412][Info   ] Stage 1 Missing Entry Points: (1)
[XR] [6844] [00:05:37.412][Info   ]   xrInitializeLoaderKHR
[XR] [6844] [00:05:37.412][Info   ] 
[XR] [6844] [00:05:37.412][Info   ] ==== OpenXR Provider Info ====
[XR] [6844] [00:05:37.412][Info   ] 
[XR] [6844] [00:05:37.412][Info   ] Spec Version: 1.0.29
[XR] [6844] [00:05:37.412][Info   ] Provider Version: 1.9.1
[XR] [6844] [00:05:37.413][Info   ] App: CPR_UI_Integration #1421044435
[XR] [6844] [00:05:37.413][Info   ] Engine: 2022.3.15f1 #53539841
[XR] [6844] [00:05:37.413][Info   ] 
[XR] [6844] [00:05:37.413][Info   ] ==== OpenXR Runtime Info ====
[XR] [6844] [00:05:37.413][Info   ] 
[XR] [6844] [00:05:37.413][Info   ] Features requested to be enabled: (4)
[XR] [6844] [00:05:37.413][Info   ]   Eye Gaze Interaction Profile: Version=0.0.1, Company="Unity", Extensions="XR_EXT_eye_gaze_interaction"
[XR] [6844] [00:05:37.413][Info   ]   Hand Tracking: Version=1.10.0, Company="Microsoft", Extensions="XR_EXT_hand_tracking XR_EXT_hand_joints_motion_range XR_EXT_hand_tracking_data_source XR_MSFT_hand_tracking_mesh"
[XR] [6844] [00:05:37.413][Info   ]   Mixed Reality Features: Version=1.10.0, Company="Microsoft", Extensions="XR_MSFT_holographic_window_attachment XR_KHR_win32_convert_performance_counter_time XR_MSFT_unbounded_reference_space XR_MSFT_spatial_anchor XR_MSFT_secondary_view_configuration XR_MSFT_first_person_observer XR_MSFT_spatial_graph_bridge XR_MSFT_perception_anchor_interop XR_MSFT_spatial_anchor_persistence XR_MSFT_scene_understanding XR_MSFT_scene_understanding_serialization XR_MSFT_scene_marker XR_MSFT_spatial_anchor_export_preview XR_MSFT_composition_layer_reprojection"
[XR] [6844] [00:05:37.413][Info   ]   Motion Controller Model: Version=1.10.0, Company="Microsoft", Extensions="XR_MSFT_controller_model XR_FB_render_model"
[XR] [6844] [00:05:37.413][Info   ] 
[XR] [6844] [00:05:37.413][Info   ] Requested feature extensions not supported by runtime: (4)
[XR] [6844] [00:05:37.413][Info   ]   XR_EXT_hand_tracking_data_source: Feature="Hand Tracking": Version=1.10.0, Company="Microsoft"
[XR] [6844] [00:05:37.413][Info   ]   XR_MSFT_spatial_anchor_export_preview: Feature="Mixed Reality Features": Version=1.10.0, Company="Microsoft"
[XR] [6844] [00:05:37.414][Info   ]   XR_MSFT_controller_model: Feature="Motion Controller Model": Version=1.10.0, Company="Microsoft"
[XR] [6844] [00:05:37.414][Info   ]   XR_FB_render_model: Feature="Motion Controller Model": Version=1.10.0, Company="Microsoft"
[XR] [6844] [00:05:37.414][Info   ] 
[XR] [6844] [00:05:37.414][Info   ] Available Runtime Extensions: (29)
[XR] [6844] [00:05:37.414][Info   ]   XR_KHR_win32_convert_performance_counter_time: Version=1
[XR] [6844] [00:05:37.414][Info   ]   XR_KHR_D3D11_enable: Version=9
[XR] [6844] [00:05:37.414][Info   ]   XR_KHR_D3D12_enable: Version=9
[XR] [6844] [00:05:37.414][Info   ]   XR_KHR_composition_layer_depth: Version=6
[XR] [6844] [00:05:37.414][Info   ]   XR_KHR_composition_layer_color_scale_bias: Version=5
[XR] [6844] [00:05:37.414][Info   ]   XR_MSFT_unbounded_reference_space: Version=1
[XR] [6844] [00:05:37.414][Info   ]   XR_MSFT_spatial_anchor: Version=2
[XR] [6844] [00:05:37.414][Info   ]   XR_MSFT_perception_anchor_interop: Version=1
[XR] [6844] [00:05:37.414][Info   ]   XR_EXT_win32_appcontainer_compatible: Version=1
[XR] [6844] [00:05:37.414][Info   ]   XR_EXT_conformance_automation: Version=3
[XR] [6844] [00:05:37.414][Info   ]   XR_MSFT_composition_layer_reprojection: Version=1
[XR] [6844] [00:05:37.414][Info   ]   XR_MSFT_spatial_graph_bridge: Version=2
[XR] [6844] [00:05:37.414][Info   ]   XR_MSFT_spatial_anchor_persistence: Version=2
[XR] [6844] [00:05:37.415][Info   ]   XR_EXT_palm_pose: Version=2
[XR] [6844] [00:05:37.415][Info   ]   XR_EXT_active_action_set_priority: Version=1
[XR] [6844] [00:05:37.415][Info   ]   XR_MSFT_scene_understanding: Version=2
[XR] [6844] [00:05:37.415][Info   ]   XR_MSFT_scene_understanding_serialization: Version=2
[XR] [6844] [00:05:37.415][Info   ]   XR_MSFT_scene_marker: Version=1
[XR] [6844] [00:05:37.415][Info   ]   XR_FB_display_refresh_rate: Version=1
[XR] [6844] [00:05:37.415][Info   ]   XR_EXT_eye_gaze_interaction: Version=2
[XR] [6844] [00:05:37.415][Info   ]   XR_EXT_hand_interaction: Version=1
[XR] [6844] [00:05:37.415][Info   ]   XR_MSFT_hand_interaction: Version=1
[XR] [6844] [00:05:37.415][Info   ]   XR_EXT_hand_tracking: Version=4
[XR] [6844] [00:05:37.415][Info   ]   XR_EXT_hand_joints_motion_range: Version=1
[XR] [6844] [00:05:37.416][Info   ]   XR_MSFT_hand_tracking_mesh: Version=4
[XR] [6844] [00:05:37.416][Info   ]   XR_MSFT_holographic_window_attachment: Version=1
[XR] [6844] [00:05:37.416][Info   ]   XR_MSFT_secondary_view_configuration: Version=1
[XR] [6844] [00:05:37.416][Info   ]   XR_MSFT_first_person_observer: Version=1
[XR] [6844] [00:05:37.416][Info   ]   XR_EXT_debug_utils: Version=4
[XR] [6844] [00:05:37.416][Info   ] 
[XR] [6844] [00:05:37.416][Info   ] Available Layers: (0)
[XR] [6844] [00:05:37.416][Info   ] 
[XR] [6844] [00:05:37.416][Info   ] Runtime Name: Windows Mixed Reality Runtime
[XR] [6844] [00:05:37.416][Info   ] Runtime Version: 113.2412.9001
[XR] [6844] [00:05:37.416][Info   ] 
[XR] [6844] [00:05:37.416][Info   ] Form factor: XR_FORM_FACTOR_HEAD_MOUNTED_DISPLAY
[XR] [6844] [00:05:37.417][Info   ] 
[XR] [6844] [00:05:37.417][Info   ] Runtime extensions enabled: (19)
[XR] [6844] [00:05:37.417][Info   ]   XR_EXT_eye_gaze_interaction: Version=2
[XR] [6844] [00:05:37.417][Info   ]   XR_EXT_hand_joints_motion_range: Version=1
[XR] [6844] [00:05:37.417][Info   ]   XR_EXT_hand_tracking: Version=4
[XR] [6844] [00:05:37.417][Info   ]   XR_KHR_D3D11_enable: Version=9
[XR] [6844] [00:05:37.417][Info   ]   XR_KHR_composition_layer_depth: Version=6
[XR] [6844] [00:05:37.418][Info   ]   XR_KHR_win32_convert_performance_counter_time: Version=1
[XR] [6844] [00:05:37.418][Info   ]   XR_MSFT_composition_layer_reprojection: Version=1
[XR] [6844] [00:05:37.418][Info   ]   XR_MSFT_first_person_observer: Version=1
[XR] [6844] [00:05:37.418][Info   ]   XR_MSFT_hand_tracking_mesh: Version=4
[XR] [6844] [00:05:37.418][Info   ]   XR_MSFT_holographic_window_attachment: Version=1
[XR] [6844] [00:05:37.418][Info   ]   XR_MSFT_perception_anchor_interop: Version=1
[XR] [6844] [00:05:37.418][Info   ]   XR_MSFT_scene_marker: Version=1
[XR] [6844] [00:05:37.418][Info   ]   XR_MSFT_scene_understanding: Version=2
[XR] [6844] [00:05:37.418][Info   ]   XR_MSFT_scene_understanding_serialization: Version=2
[XR] [6844] [00:05:37.418][Info   ]   XR_MSFT_secondary_view_configuration: Version=1
[XR] [6844] [00:05:37.418][Info   ]   XR_MSFT_spatial_anchor: Version=2
[XR] [6844] [00:05:37.418][Info   ]   XR_MSFT_spatial_anchor_persistence: Version=2
[XR] [6844] [00:05:37.418][Info   ]   XR_MSFT_spatial_graph_bridge: Version=2
[XR] [6844] [00:05:37.418][Info   ]   XR_MSFT_unbounded_reference_space: Version=1
[XR] [6844] [00:05:37.418][Info   ] 
[XR] [6844] [00:05:37.418][Info   ] Available Reference Spaces: (3)
[XR] [6844] [00:05:37.418][Info   ]   XR_REFERENCE_SPACE_TYPE_VIEW
[XR] [6844] [00:05:37.418][Info   ]   XR_REFERENCE_SPACE_TYPE_LOCAL
[XR] [6844] [00:05:37.418][Info   ]   XR_REFERENCE_SPACE_TYPE_UNBOUNDED_MSFT
[XR] [6844] [00:05:37.419][Info   ] 
[XR] [6844] [00:05:37.419][Info   ] Instance Id  : 0x1
[XR] [6844] [00:05:37.419][Info   ] System Id    : 0x1
[XR] [6844] [00:05:37.419][Info   ] Session Id   : 0x2
[XR] [6844] [00:05:37.419][Info   ] 
[XR] [6844] [00:05:37.419][Info   ] Available View Configuration Types: (2)
[XR] [6844] [00:05:37.419][Info   ]   XR_VIEW_CONFIGURATION_TYPE_PRIMARY_STEREO (Selected): FovMutable=True
[XR] [6844] [00:05:37.419][Info   ]     [0]: Recommended: Width=1440, Height=936, SampleCount=1
[XR] [6844] [00:05:37.419][Info   ]     [0]:     Maximum: Width=2880, Height=1872, SampleCount=4
[XR] [6844] [00:05:37.419][Info   ]     [1]: Recommended: Width=1440, Height=936, SampleCount=1
[XR] [6844] [00:05:37.419][Info   ]     [1]:     Maximum: Width=2880, Height=1872, SampleCount=4
[XR] [6844] [00:05:37.420][Info   ]   XR_VIEW_CONFIGURATION_TYPE_SECONDARY_MONO_FIRST_PERSON_OBSERVER_MSFT: FovMutable=True
[XR] [6844] [00:05:37.420][Info   ]     [0]: Recommended: Width=2272, Height=1276, SampleCount=1
[XR] [6844] [00:05:37.421][Info   ]     [0]:     Maximum: Width=4544, Height=2556, SampleCount=4
[XR] [6844] [00:05:37.421][Info   ] 
[XR] [6844] [00:05:37.421][Info   ] Skip Present To Main Screen: Yes
[XR] [6844] [00:05:37.421][Info   ] 
[XR] [6844] [00:05:37.421][Info   ] Available Environment Blend Modes: (1)
[XR] [6844] [00:05:37.421][Info   ]   XR_ENVIRONMENT_BLEND_MODE_ADDITIVE (Selected)
[XR] [6844] [00:05:37.421][Info   ] 
[XR] [6844] [00:05:37.421][Info   ] System Properties: Name="Windows Mixed Reality", VendorId=1118
[XR] [6844] [00:05:37.421][Info   ] System Graphics Properties: MaxWidth=16384, MaxHeight=16384, MaxLayers=16
[XR] [6844] [00:05:37.421][Info   ] System Tracking Properties: OrientationTracking=True, PositionTracking=True
[XR] [6844] [00:05:37.421][Info   ] 
[XR] [6844] [00:05:37.421][Info   ] ==== OpenXR Input ====
[XR] [6844] [00:05:37.421][Info   ] 
[XR] [6844] [00:05:37.421][Info   ] Action Sets (1): 
[XR] [6844] [00:05:37.421][Info   ]   eyegaze: ActionCount=1
[XR] [6844] [00:05:37.421][Info   ] 
[XR] [6844] [00:05:37.421][Info   ] 
[XR] [6844] [00:05:37.421][Info   ] ==== OpenXR Swapchain Details ====
[XR] [6844] [00:05:37.421][Info   ] 
[XR] [6844] [00:05:37.421][Info   ] Render Mode: Single Pass Instanced
[XR] [6844] [00:05:37.422][Info   ] Depth Submission Mode: Depth16Bit
[XR] [6844] [00:05:37.422][Info   ] 
[XR] [6844] [00:05:37.422][Info   ] Swapchain Formats:  [c:91] 87 28 29 [d:55] 45 40 20
[XR] [6844] [00:05:37.422][Info   ] Swapchain Views: (2)
[XR] [6844] [00:05:37.422][Info   ]   [0]: Width=1440, Height=936, SampleCount=1
[XR] [6844] [00:05:37.422][Info   ] 
[XR] [6844] [00:05:37.422][Info   ] ==== Last 20 Events ====
[XR] [6844] [00:05:37.422][Info   ] XrEventDataSessionStateChanged: XR_SESSION_STATE_UNKNOWN->XR_SESSION_STATE_IDLE
[XR] [6844] [00:05:37.422][Info   ] XrEventDataSessionStateChanged: XR_SESSION_STATE_IDLE->XR_SESSION_STATE_READY
[XR] [6844] [00:05:37.422][Info   ] XrEventDataSessionStateChanged: XR_SESSION_STATE_READY->XR_SESSION_STATE_SYNCHRONIZED
[XR] [6844] [00:05:37.422][Info   ] XrEventDataSessionStateChanged: XR_SESSION_STATE_SYNCHRONIZED->XR_SESSION_STATE_VISIBLE
[XR] [6844] [00:05:37.422][Info   ] XrEventDataSessionStateChanged: XR_SESSION_STATE_VISIBLE->XR_SESSION_STATE_FOCUSED
[XR] [6844] [00:05:37.422][Info   ] 

==== End Unity OpenXR Diagnostic Report ====


XRTextureManager::RequestCreateTexture
XRTextureManager::RequestCreateTexture
XRTextureManager::SetupRenderTextureFromXRRequest (id: 3 col: 0000000000000000 d: 000002B8A605DA70 sr: 0000000000000000)
RenderTexture::Create (id: 3)
IVRDeviceCallback_CreateEyeTextureResources 000002B8A605DA70
XRTextureManager::SetupRenderTextureFromXRRequest (id: 4 col: 000002B8A605F370 d: 0000000000000000 sr: 0000000000000000)
RenderTexture::Create (id: 4)
IVRDeviceCallback_CreateEyeTextureResources 000002B8A605F370
XRTextureManager::RequestCreateTexture
XRTextureManager::RequestCreateTexture
XRTextureManager::SetupRenderTextureFromXRRequest (id: 5 col: 0000000000000000 d: 000002B8A605CDF0 sr: 0000000000000000)
RenderTexture::Create (id: 5)
IVRDeviceCallback_CreateEyeTextureResources 000002B8A605CDF0
XRTextureManager::SetupRenderTextureFromXRRequest (id: 6 col: 000002B8A605D770 d: 0000000000000000 sr: 0000000000000000)
RenderTexture::Create (id: 6)
IVRDeviceCallback_CreateEyeTextureResources 000002B8A605D770
[XR] [MROpenXR][Info   ][00:05:39.229159][tid:1abc] OpenXRContext_OnEvent_XrEventDataSessionStateChanged EventType=XR_TYPE_EVENT_DATA_SESSION_STATE_CHANGED session=2 sessionState=XR_SESSION_STATE_VISIBLE
[XR] [MROpenXR][Info   ][00:05:39.229159][tid:1abc] OpenXRContext_OnEvent_XrEventDataSessionStateChanged EventType=XR_TYPE_EVENT_DATA_SESSION_STATE_CHANGED session=2 sessionState=XR_SESSION_STATE_VISIBLE
[XR] [6844] [00:05:39.229][Info   ] OpenXRSession::HandleSessionStateChangedEvent: state XR_SESSION_STATE_FOCUSED->XR_SESSION_STATE_VISIBLE session=2 time=313064045365729
UnloadTime: 3.999896 ms
[MRTKLifecycleManager] Creating MixedReality.Toolkit.Accessibility.MRTKAccessibilitySubsystem
UnityEngine.DebugLogHandler:LogFormat(LogType, Object, String, Object[])
UnityEngine.Logger:Log(LogType, Object)
UnityEngine.Debug:Log(Object)
MixedReality.Toolkit.Subsystems.MRTKLifecycleManager:Awake()

[MRTKLifecycleManager] Creating MixedReality.Toolkit.Input.MRTKHandsAggregatorSubsystem
UnityEngine.DebugLogHandler:LogFormat(LogType, Object, String, Object[])
UnityEngine.Logger:Log(LogType, Object)
UnityEngine.Debug:Log(Object)
MixedReality.Toolkit.Subsystems.MRTKLifecycleManager:Awake()

[MRTKLifecycleManager] Creating MixedReality.Toolkit.Input.OpenXRHandsSubsystem
UnityEngine.DebugLogHandler:LogFormat(LogType, Object, String, Object[])
UnityEngine.Logger:Log(LogType, Object)
UnityEngine.Debug:Log(Object)
MixedReality.Toolkit.Subsystems.MRTKLifecycleManager:Awake()

[MRTKLifecycleManager] Creating MixedReality.Toolkit.Input.SyntheticHandsSubsystem
UnityEngine.DebugLogHandler:LogFormat(LogType, Object, String, Object[])
UnityEngine.Logger:Log(LogType, Object)
UnityEngine.Debug:Log(Object)
MixedReality.Toolkit.Subsystems.MRTKLifecycleManager:Awake()

[MRTKLifecycleManager] Starting MixedReality.Toolkit.Accessibility.MRTKAccessibilitySubsystem
UnityEngine.DebugLogHandler:LogFormat(LogType, Object, String, Object[])
UnityEngine.Logger:Log(LogType, Object)
UnityEngine.Debug:Log(Object)
MixedReality.Toolkit.Subsystems.MRTKLifecycleManager:OnEnable()

[MRTKLifecycleManager] Starting MixedReality.Toolkit.Input.MRTKHandsAggregatorSubsystem
UnityEngine.DebugLogHandler:LogFormat(LogType, Object, String, Object[])
UnityEngine.Logger:Log(LogType, Object)
UnityEngine.Debug:Log(Object)
MixedReality.Toolkit.Subsystems.MRTKLifecycleManager:OnEnable()

[MRTKLifecycleManager] Starting MixedReality.Toolkit.Input.OpenXRHandsSubsystem
UnityEngine.DebugLogHandler:LogFormat(LogType, Object, String, Object[])
UnityEngine.Logger:Log(LogType, Object)
UnityEngine.Debug:Log(Object)
MixedReality.Toolkit.Subsystems.MRTKLifecycleManager:OnEnable()

[MRTKLifecycleManager] Starting MixedReality.Toolkit.Input.SyntheticHandsSubsystem
UnityEngine.DebugLogHandler:LogFormat(LogType, Object, String, Object[])
UnityEngine.Logger:Log(LogType, Object)
UnityEngine.Debug:Log(Object)
MixedReality.Toolkit.Subsystems.MRTKLifecycleManager:OnEnable()

UnboundedTrackingMode: TrySetTrackingOriginMode to Unbounded
UnityEngine.DebugLogHandler:LogFormat(LogType, Object, String, Object[])
UnityEngine.Logger:Log(LogType, Object)
UnityEngine.Debug:Log(Object)
MixedReality.Toolkit.Input.UnboundedTrackingMode:EnsureUnboundedModeSetIfSupported()
MixedReality.Toolkit.Input.UnboundedTrackingMode:OnEnable()

[XR] [MROpenXR][Info   ][00:05:41.125931][tid:1abc] SetSceneOriginSpace oldSpace=3 newSpace=5
[XR] [MROpenXR][Info   ][00:05:41.125931][tid:1abc] SetSceneOriginSpace oldSpace=3 newSpace=5
Connecting...
UnityEngine.DebugLogHandler:LogFormat(LogType, Object, String, Object[])
UnityEngine.Logger:Log(LogType, Object)
UnityEngine.Debug:Log(Object)
EventManager:Start()

0
UnityEngine.DebugLogHandler:LogFormat(LogType, Object, String, Object[])
UnityEngine.Logger:Log(LogType, Object)
UnityEngine.Debug:Log(Object)
EventManager:initializeSessions()
EventManager:getSessions()
EventManager:Start()

0
UnityEngine.DebugLogHandler:LogFormat(LogType, Object, String, Object[])
UnityEngine.Logger:Log(LogType, Object)
UnityEngine.Debug:Log(Object)
EventManager:initializeSessions()
EventManager:getSessions()
EventManager:Start()

[XR] [MROpenXR][Info   ][00:05:42.245529][tid:1abc] OpenXRContext_OnEvent_XrEventDataSessionStateChanged EventType=XR_TYPE_EVENT_DATA_SESSION_STATE_CHANGED session=2 sessionState=XR_SESSION_STATE_FOCUSED
[XR] [MROpenXR][Info   ][00:05:42.245529][tid:1abc] OpenXRContext_OnEvent_XrEventDataSessionStateChanged EventType=XR_TYPE_EVENT_DATA_SESSION_STATE_CHANGED session=2 sessionState=XR_SESSION_STATE_FOCUSED
[XR] [6844] [00:05:42.245][Info   ] OpenXRSession::HandleSessionStateChangedEvent: state XR_SESSION_STATE_VISIBLE->XR_SESSION_STATE_FOCUSED session=2 time=313067059946770
[XR] [6844] [00:05:42.245][Info   ] 

==== Start Unity OpenXR Diagnostic Report ====


[XR] [6844] [00:05:42.245][Info   ] ==== Report Reason: System Startup Completed ====


[XR] [6844] [00:05:42.246][Info   ] ==== OpenXR Init Info ====
[XR] [6844] [00:05:42.246][Info   ] 
[XR] [6844] [00:05:42.246][Info   ] Stage 1 Missing Entry Points: (1)
[XR] [6844] [00:05:42.246][Info   ]   xrInitializeLoaderKHR
[XR] [6844] [00:05:42.246][Info   ] 
[XR] [6844] [00:05:42.246][Info   ] ==== OpenXR Provider Info ====
[XR] [6844] [00:05:42.246][Info   ] 
[XR] [6844] [00:05:42.246][Info   ] Spec Version: 1.0.29
[XR] [6844] [00:05:42.246][Info   ] Provider Version: 1.9.1
[XR] [6844] [00:05:42.246][Info   ] App: CPR_UI_Integration #1421044435
[XR] [6844] [00:05:42.246][Info   ] Engine: 2022.3.15f1 #53539841
[XR] [6844] [00:05:42.246][Info   ] 
[XR] [6844] [00:05:42.246][Info   ] ==== OpenXR Runtime Info ====
[XR] [6844] [00:05:42.246][Info   ] 
[XR] [6844] [00:05:42.246][Info   ] Features requested to be enabled: (4)
[XR] [6844] [00:05:42.246][Info   ]   Eye Gaze Interaction Profile: Version=0.0.1, Company="Unity", Extensions="XR_EXT_eye_gaze_interaction"
[XR] [6844] [00:05:42.246][Info   ]   Hand Tracking: Version=1.10.0, Company="Microsoft", Extensions="XR_EXT_hand_tracking XR_EXT_hand_joints_motion_range XR_EXT_hand_tracking_data_source XR_MSFT_hand_tracking_mesh"
[XR] [6844] [00:05:42.247][Info   ]   Mixed Reality Features: Version=1.10.0, Company="Microsoft", Extensions="XR_MSFT_holographic_window_attachment XR_KHR_win32_convert_performance_counter_time XR_MSFT_unbounded_reference_space XR_MSFT_spatial_anchor XR_MSFT_secondary_view_configuration XR_MSFT_first_person_observer XR_MSFT_spatial_graph_bridge XR_MSFT_perception_anchor_interop XR_MSFT_spatial_anchor_persistence XR_MSFT_scene_understanding XR_MSFT_scene_understanding_serialization XR_MSFT_scene_marker XR_MSFT_spatial_anchor_export_preview XR_MSFT_composition_layer_reprojection"
[XR] [6844] [00:05:42.247][Info   ]   Motion Controller Model: Version=1.10.0, Company="Microsoft", Extensions="XR_MSFT_controller_model XR_FB_render_model"
[XR] [6844] [00:05:42.247][Info   ] 
[XR] [6844] [00:05:42.247][Info   ] Requested feature extensions not supported by runtime: (4)
[XR] [6844] [00:05:42.247][Info   ]   XR_EXT_hand_tracking_data_source: Feature="Hand Tracking": Version=1.10.0, Company="Microsoft"
[XR] [6844] [00:05:42.247][Info   ]   XR_MSFT_spatial_anchor_export_preview: Feature="Mixed Reality Features": Version=1.10.0, Company="Microsoft"
[XR] [6844] [00:05:42.247][Info   ]   XR_MSFT_controller_model: Feature="Motion Controller Model": Version=1.10.0, Company="Microsoft"
[XR] [6844] [00:05:42.247][Info   ]   XR_FB_render_model: Feature="Motion Controller Model": Version=1.10.0, Company="Microsoft"
[XR] [6844] [00:05:42.247][Info   ] 
[XR] [6844] [00:05:42.247][Info   ] Available Runtime Extensions: (29)
[XR] [6844] [00:05:42.247][Info   ]   XR_KHR_win32_convert_performance_counter_time: Version=1
[XR] [6844] [00:05:42.248][Info   ]   XR_KHR_D3D11_enable: Version=9
[XR] [6844] [00:05:42.248][Info   ]   XR_KHR_D3D12_enable: Version=9
[XR] [6844] [00:05:42.248][Info   ]   XR_KHR_composition_layer_depth: Version=6
[XR] [6844] [00:05:42.248][Info   ]   XR_KHR_composition_layer_color_scale_bias: Version=5
[XR] [6844] [00:05:42.248][Info   ]   XR_MSFT_unbounded_reference_space: Version=1
[XR] [6844] [00:05:42.248][Info   ]   XR_MSFT_spatial_anchor: Version=2
[XR] [6844] [00:05:42.248][Info   ]   XR_MSFT_perception_anchor_interop: Version=1
[XR] [6844] [00:05:42.248][Info   ]   XR_EXT_win32_appcontainer_compatible: Version=1
[XR] [6844] [00:05:42.248][Info   ]   XR_EXT_conformance_automation: Version=3
[XR] [6844] [00:05:42.248][Info   ]   XR_MSFT_composition_layer_reprojection: Version=1
[XR] [6844] [00:05:42.248][Info   ]   XR_MSFT_spatial_graph_bridge: Version=2
[XR] [6844] [00:05:42.248][Info   ]   XR_MSFT_spatial_anchor_persistence: Version=2
[XR] [6844] [00:05:42.248][Info   ]   XR_EXT_palm_pose: Version=2
[XR] [6844] [00:05:42.249][Info   ]   XR_EXT_active_action_set_priority: Version=1
[XR] [6844] [00:05:42.249][Info   ]   XR_MSFT_scene_understanding: Version=2
[XR] [6844] [00:05:42.249][Info   ]   XR_MSFT_scene_understanding_serialization: Version=2
[XR] [6844] [00:05:42.249][Info   ]   XR_MSFT_scene_marker: Version=1
[XR] [6844] [00:05:42.249][Info   ]   XR_FB_display_refresh_rate: Version=1
[XR] [6844] [00:05:42.249][Info   ]   XR_EXT_eye_gaze_interaction: Version=2
[XR] [6844] [00:05:42.249][Info   ]   XR_EXT_hand_interaction: Version=1
[XR] [6844] [00:05:42.249][Info   ]   XR_MSFT_hand_interaction: Version=1
[XR] [6844] [00:05:42.249][Info   ]   XR_EXT_hand_tracking: Version=4
[XR] [6844] [00:05:42.249][Info   ]   XR_EXT_hand_joints_motion_range: Version=1
[XR] [6844] [00:05:42.249][Info   ]   XR_MSFT_hand_tracking_mesh: Version=4
[XR] [6844] [00:05:42.250][Info   ]   XR_MSFT_holographic_window_attachment: Version=1
[XR] [6844] [00:05:42.250][Info   ]   XR_MSFT_secondary_view_configuration: Version=1
[XR] [6844] [00:05:42.250][Info   ]   XR_MSFT_first_person_observer: Version=1
[XR] [6844] [00:05:42.250][Info   ]   XR_EXT_debug_utils: Version=4
[XR] [6844] [00:05:42.250][Info   ] 
[XR] [6844] [00:05:42.250][Info   ] Available Layers: (0)
[XR] [6844] [00:05:42.250][Info   ] 
[XR] [6844] [00:05:42.250][Info   ] Runtime Name: Windows Mixed Reality Runtime
[XR] [6844] [00:05:42.250][Info   ] Runtime Version: 113.2412.9001
[XR] [6844] [00:05:42.250][Info   ] 
[XR] [6844] [00:05:42.250][Info   ] Form factor: XR_FORM_FACTOR_HEAD_MOUNTED_DISPLAY
[XR] [6844] [00:05:42.250][Info   ] 
[XR] [6844] [00:05:42.250][Info   ] Runtime extensions enabled: (19)
[XR] [6844] [00:05:42.250][Info   ]   XR_EXT_eye_gaze_interaction: Version=2
[XR] [6844] [00:05:42.250][Info   ]   XR_EXT_hand_joints_motion_range: Version=1
[XR] [6844] [00:05:42.250][Info   ]   XR_EXT_hand_tracking: Version=4
[XR] [6844] [00:05:42.250][Info   ]   XR_KHR_D3D11_enable: Version=9
[XR] [6844] [00:05:42.250][Info   ]   XR_KHR_composition_layer_depth: Version=6
[XR] [6844] [00:05:42.251][Info   ]   XR_KHR_win32_convert_performance_counter_time: Version=1
[XR] [6844] [00:05:42.251][Info   ]   XR_MSFT_composition_layer_reprojection: Version=1
[XR] [6844] [00:05:42.251][Info   ]   XR_MSFT_first_person_observer: Version=1
[XR] [6844] [00:05:42.251][Info   ]   XR_MSFT_hand_tracking_mesh: Version=4
[XR] [6844] [00:05:42.251][Info   ]   XR_MSFT_holographic_window_attachment: Version=1
[XR] [6844] [00:05:42.251][Info   ]   XR_MSFT_perception_anchor_interop: Version=1
[XR] [6844] [00:05:42.251][Info   ]   XR_MSFT_scene_marker: Version=1
[XR] [6844] [00:05:42.251][Info   ]   XR_MSFT_scene_understanding: Version=2
[XR] [6844] [00:05:42.251][Info   ]   XR_MSFT_scene_understanding_serialization: Version=2
[XR] [6844] [00:05:42.251][Info   ]   XR_MSFT_secondary_view_configuration: Version=1
[XR] [6844] [00:05:42.251][Info   ]   XR_MSFT_spatial_anchor: Version=2
[XR] [6844] [00:05:42.251][Info   ]   XR_MSFT_spatial_anchor_persistence: Version=2
[XR] [6844] [00:05:42.251][Info   ]   XR_MSFT_spatial_graph_bridge: Version=2
[XR] [6844] [00:05:42.251][Info   ]   XR_MSFT_unbounded_reference_space: Version=1
[XR] [6844] [00:05:42.251][Info   ] 
[XR] [6844] [00:05:42.251][Info   ] Available Reference Spaces: (3)
[XR] [6844] [00:05:42.251][Info   ]   XR_REFERENCE_SPACE_TYPE_VIEW
[XR] [6844] [00:05:42.252][Info   ]   XR_REFERENCE_SPACE_TYPE_LOCAL
[XR] [6844] [00:05:42.252][Info   ]   XR_REFERENCE_SPACE_TYPE_UNBOUNDED_MSFT
[XR] [6844] [00:05:42.252][Info   ] 
[XR] [6844] [00:05:42.252][Info   ] Instance Id  : 0x1
[XR] [6844] [00:05:42.252][Info   ] System Id    : 0x1
[XR] [6844] [00:05:42.252][Info   ] Session Id   : 0x2
[XR] [6844] [00:05:42.252][Info   ] 
[XR] [6844] [00:05:42.252][Info   ] Available View Configuration Types: (2)
[XR] [6844] [00:05:42.252][Info   ]   XR_VIEW_CONFIGURATION_TYPE_PRIMARY_STEREO (Selected): FovMutable=True
[XR] [6844] [00:05:42.252][Info   ]     [0]: Recommended: Width=1440, Height=936, SampleCount=1
[XR] [6844] [00:05:42.252][Info   ]     [0]:     Maximum: Width=2880, Height=1872, SampleCount=4
[XR] [6844] [00:05:42.252][Info   ]     [1]: Recommended: Width=1440, Height=936, SampleCount=1
[XR] [6844] [00:05:42.252][Info   ]     [1]:     Maximum: Width=2880, Height=1872, SampleCount=4
[XR] [6844] [00:05:42.252][Info   ]   XR_VIEW_CONFIGURATION_TYPE_SECONDARY_MONO_FIRST_PERSON_OBSERVER_MSFT: FovMutable=True
[XR] [6844] [00:05:42.252][Info   ]     [0]: Recommended: Width=2272, Height=1276, SampleCount=1
[XR] [6844] [00:05:42.252][Info   ]     [0]:     Maximum: Width=4544, Height=2556, SampleCount=4
[XR] [6844] [00:05:42.252][Info   ] 
[XR] [6844] [00:05:42.252][Info   ] Skip Present To Main Screen: Yes
[XR] [6844] [00:05:42.252][Info   ] 
[XR] [6844] [00:05:42.252][Info   ] Available Environment Blend Modes: (1)
[XR] [6844] [00:05:42.253][Info   ]   XR_ENVIRONMENT_BLEND_MODE_ADDITIVE (Selected)
[XR] [6844] [00:05:42.253][Info   ] 
[XR] [6844] [00:05:42.253][Info   ] System Properties: Name="Windows Mixed Reality", VendorId=1118
[XR] [6844] [00:05:42.253][Info   ] System Graphics Properties: MaxWidth=16384, MaxHeight=16384, MaxLayers=16
[XR] [6844] [00:05:42.253][Info   ] System Tracking Properties: OrientationTracking=True, PositionTracking=True
[XR] [6844] [00:05:42.253][Info   ] 
[XR] [6844] [00:05:42.253][Info   ] ==== OpenXR Input ====
[XR] [6844] [00:05:42.253][Info   ] 
[XR] [6844] [00:05:42.253][Info   ] Action Sets (1): 
[XR] [6844] [00:05:42.253][Info   ]   eyegaze: ActionCount=1
[XR] [6844] [00:05:42.253][Info   ] 
[XR] [6844] [00:05:42.253][Info   ] 
[XR] [6844] [00:05:42.253][Info   ] ==== OpenXR Swapchain Details ====
[XR] [6844] [00:05:42.253][Info   ] 
[XR] [6844] [00:05:42.253][Info   ] Render Mode: Single Pass Instanced
[XR] [6844] [00:05:42.253][Info   ] Depth Submission Mode: Depth16Bit
[XR] [6844] [00:05:42.253][Info   ] 
[XR] [6844] [00:05:42.253][Info   ] Swapchain Formats:  [c:91] 87 28 29 [d:55] 45 40 20
[XR] [6844] [00:05:42.253][Info   ] Swapchain Views: (2)
[XR] [6844] [00:05:42.254][Info   ]   [0]: Width=1440, Height=936, SampleCount=1
[XR] [6844] [00:05:42.254][Info   ] 
[XR] [6844] [00:05:42.254][Info   ] ==== Last 20 Events ====
[XR] [6844] [00:05:42.254][Info   ] XrEventDataSessionStateChanged: XR_SESSION_STATE_UNKNOWN->XR_SESSION_STATE_IDLE
[XR] [6844] [00:05:42.254][Info   ] XrEventDataSessionStateChanged: XR_SESSION_STATE_IDLE->XR_SESSION_STATE_READY
[XR] [6844] [00:05:42.254][Info   ] XrEventDataSessionStateChanged: XR_SESSION_STATE_READY->XR_SESSION_STATE_SYNCHRONIZED
[XR] [6844] [00:05:42.254][Info   ] XrEventDataSessionStateChanged: XR_SESSION_STATE_SYNCHRONIZED->XR_SESSION_STATE_VISIBLE
[XR] [6844] [00:05:42.254][Info   ] XrEventDataSessionStateChanged: XR_SESSION_STATE_VISIBLE->XR_SESSION_STATE_FOCUSED
[XR] [6844] [00:05:42.254][Info   ] XrEventDataSessionStateChanged: XR_SESSION_STATE_FOCUSED->XR_SESSION_STATE_VISIBLE
[XR] [6844] [00:05:42.254][Info   ] XrEventDataSessionStateChanged: XR_SESSION_STATE_VISIBLE->XR_SESSION_STATE_FOCUSED
[XR] [6844] [00:05:42.254][Info   ] 

==== End Unity OpenXR Diagnostic Report ====


[XR] [MROpenXR][Info   ][00:05:42.378759][tid:1abc] OpenXRContext_OnEvent_XrEventDataInteractionProfileChanged EventType=XR_TYPE_EVENT_DATA_INTERACTION_PROFILE_CHANGED session=2 leftHand=none rightHand=none
[XR] [MROpenXR][Info   ][00:05:42.378759][tid:1abc] OpenXRContext_OnEvent_XrEventDataInteractionProfileChanged EventType=XR_TYPE_EVENT_DATA_INTERACTION_PROFILE_CHANGED session=2 leftHand=none rightHand=none
0
UnityEngine.DebugLogHandler:LogFormat(LogType, Object, String, Object[])
UnityEngine.Logger:Log(LogType, Object)
UnityEngine.Debug:Log(Object)
EventManager:initializeSessions()
<GetProcesses>d__113:MoveNext()
UnityEngine.SetupCoroutine:InvokeMoveNext(IEnumerator, IntPtr)

0
UnityEngine.DebugLogHandler:LogFormat(LogType, Object, String, Object[])
UnityEngine.Logger:Log(LogType, Object)
UnityEngine.Debug:Log(Object)
EventManager:initializeSessions()
<GetProcesses>d__113:MoveNext()
UnityEngine.SetupCoroutine:InvokeMoveNext(IEnumerator, IntPtr)

The referenced script on this Behaviour (Game Object 'MRTK Interaction Manager') is missing!
Unloading 6 Unused Serialized files (Serialized files now loaded: 0)
UnloadTime: 14.221979 ms
[MRTKLifecycleManager] Creating MixedReality.Toolkit.Accessibility.MRTKAccessibilitySubsystem
UnityEngine.DebugLogHandler:LogFormat(LogType, Object, String, Object[])
UnityEngine.Logger:Log(LogType, Object)
UnityEngine.Debug:Log(Object)
MixedReality.Toolkit.Subsystems.MRTKLifecycleManager:Awake()

[MRTKLifecycleManager] Creating MixedReality.Toolkit.Input.MRTKHandsAggregatorSubsystem
UnityEngine.DebugLogHandler:LogFormat(LogType, Object, String, Object[])
UnityEngine.Logger:Log(LogType, Object)
UnityEngine.Debug:Log(Object)
MixedReality.Toolkit.Subsystems.MRTKLifecycleManager:Awake()

[MRTKLifecycleManager] Creating MixedReality.Toolkit.Input.OpenXRHandsSubsystem
UnityEngine.DebugLogHandler:LogFormat(LogType, Object, String, Object[])
UnityEngine.Logger:Log(LogType, Object)
UnityEngine.Debug:Log(Object)
MixedReality.Toolkit.Subsystems.MRTKLifecycleManager:Awake()

[MRTKLifecycleManager] Creating MixedReality.Toolkit.Input.SyntheticHandsSubsystem
UnityEngine.DebugLogHandler:LogFormat(LogType, Object, String, Object[])
UnityEngine.Logger:Log(LogType, Object)
UnityEngine.Debug:Log(Object)
MixedReality.Toolkit.Subsystems.MRTKLifecycleManager:Awake()

[MRTKLifecycleManager] Starting MixedReality.Toolkit.Accessibility.MRTKAccessibilitySubsystem
UnityEngine.DebugLogHandler:LogFormat(LogType, Object, String, Object[])
UnityEngine.Logger:Log(LogType, Object)
UnityEngine.Debug:Log(Object)
MixedReality.Toolkit.Subsystems.MRTKLifecycleManager:OnEnable()

[MRTKLifecycleManager] Starting MixedReality.Toolkit.Input.MRTKHandsAggregatorSubsystem
UnityEngine.DebugLogHandler:LogFormat(LogType, Object, String, Object[])
UnityEngine.Logger:Log(LogType, Object)
UnityEngine.Debug:Log(Object)
MixedReality.Toolkit.Subsystems.MRTKLifecycleManager:OnEnable()

[MRTKLifecycleManager] Starting MixedReality.Toolkit.Input.OpenXRHandsSubsystem
UnityEngine.DebugLogHandler:LogFormat(LogType, Object, String, Object[])
UnityEngine.Logger:Log(LogType, Object)
UnityEngine.Debug:Log(Object)
MixedReality.Toolkit.Subsystems.MRTKLifecycleManager:OnEnable()

[MRTKLifecycleManager] Starting MixedReality.Toolkit.Input.SyntheticHandsSubsystem
UnityEngine.DebugLogHandler:LogFormat(LogType, Object, String, Object[])
UnityEngine.Logger:Log(LogType, Object)
UnityEngine.Debug:Log(Object)
MixedReality.Toolkit.Subsystems.MRTKLifecycleManager:OnEnable()

Unloading 11 unused Assets / (11.6 KB). Loaded Objects now: 8670.
Memory consumption went from 100.7 MB to 100.7 MB.
Total: 46.546042 ms (FindLiveObjects: 4.936042 ms CreateObjectMapping: 1.600833 ms MarkObjects: 39.581458 ms  DeleteObjects: 0.423958 ms)

Connecting...
UnityEngine.DebugLogHandler:LogFormat(LogType, Object, String, Object[])
UnityEngine.Logger:Log(LogType, Object)
UnityEngine.Debug:Log(Object)
EventManager:Start()

0
UnityEngine.DebugLogHandler:LogFormat(LogType, Object, String, Object[])
UnityEngine.Logger:Log(LogType, Object)
UnityEngine.Debug:Log(Object)
EventManager:initializeSessions()
EventManager:getSessions()
EventManager:Start()

0
UnityEngine.DebugLogHandler:LogFormat(LogType, Object, String, Object[])
UnityEngine.Logger:Log(LogType, Object)
UnityEngine.Debug:Log(Object)
EventManager:initializeSessions()
EventManager:getSessions()
EventManager:Start()

Started Coroutine at timestamp : 9.161735
UnityEngine.DebugLogHandler:LogFormat(LogType, Object, String, Object[])
UnityEngine.Logger:Log(LogType, Object)
UnityEngine.Debug:Log(Object)
<SetCPR_5Sec>d__125:MoveNext()
UnityEngine.SetupCoroutine:InvokeMoveNext(IEnumerator, IntPtr)
UnityEngine.MonoBehaviour:StartCoroutine(IEnumerator)
EventManager:UpdateClock()
EventManager:Update()

Started Coroutine at timestamp : 9.161735
UnityEngine.DebugLogHandler:LogFormat(LogType, Object, String, Object[])
UnityEngine.Logger:Log(LogType, Object)
UnityEngine.Debug:Log(Object)
<Remove_Noti>d__130:MoveNext()
UnityEngine.SetupCoroutine:InvokeMoveNext(IEnumerator, IntPtr)
UnityEngine.MonoBehaviour:StartCoroutine(IEnumerator)
EventManager:UpdateNoti(String, String, Int32)
EventManager:UpdateClock()
EventManager:Update()

name: , dose: 
UnityEngine.DebugLogHandler:LogFormat(LogType, Object, String, Object[])
UnityEngine.Logger:Log(LogType, Object)
UnityEngine.Debug:Log(Object)
EventManager:UpdateNoti(String, String, Int32)
EventManager:UpdateClock()
EventManager:Update()

Started Coroutine at timestamp : 9.161735
UnityEngine.DebugLogHandler:LogFormat(LogType, Object, String, Object[])
UnityEngine.Logger:Log(LogType, Object)
UnityEngine.Debug:Log(Object)
<SetEpi_5Sec>d__126:MoveNext()
UnityEngine.SetupCoroutine:InvokeMoveNext(IEnumerator, IntPtr)
UnityEngine.MonoBehaviour:StartCoroutine(IEnumerator)
EventManager:UpdateClock()
EventManager:Update()

Started Coroutine at timestamp : 9.161735
UnityEngine.DebugLogHandler:LogFormat(LogType, Object, String, Object[])
UnityEngine.Logger:Log(LogType, Object)
UnityEngine.Debug:Log(Object)
<Remove_Noti>d__130:MoveNext()
UnityEngine.SetupCoroutine:InvokeMoveNext(IEnumerator, IntPtr)
UnityEngine.MonoBehaviour:StartCoroutine(IEnumerator)
EventManager:UpdateNoti(String, String, Int32)
EventManager:UpdateClock()
EventManager:Update()

name: , dose: 
UnityEngine.DebugLogHandler:LogFormat(LogType, Object, String, Object[])
UnityEngine.Logger:Log(LogType, Object)
UnityEngine.Debug:Log(Object)
EventManager:UpdateNoti(String, String, Int32)
EventManager:UpdateClock()
EventManager:Update()

1
UnityEngine.DebugLogHandler:LogFormat(LogType, Object, String, Object[])
UnityEngine.Logger:Log(LogType, Object)
UnityEngine.Debug:Log(Object)
EventManager:initializeSessions()
<GetProcesses>d__113:MoveNext()
UnityEngine.SetupCoroutine:InvokeMoveNext(IEnumerator, IntPtr)

0
UnityEngine.DebugLogHandler:LogFormat(LogType, Object, String, Object[])
UnityEngine.Logger:Log(LogType, Object)
UnityEngine.Debug:Log(Object)
EventManager:initializeSessions()
<GetProcesses>d__113:MoveNext()
UnityEngine.SetupCoroutine:InvokeMoveNext(IEnumerator, IntPtr)

1
UnityEngine.DebugLogHandler:LogFormat(LogType, Object, String, Object[])
UnityEngine.Logger:Log(LogType, Object)
UnityEngine.Debug:Log(Object)
EventManager:initializeSessions()
EventManager:getSessions()
UnityEngine.Events.InvokableCall:Invoke()
UnityEngine.Events.UnityEvent:Invoke()
MixedReality.Toolkit.StatefulInteractable:OnLastSelectExited(SelectExitEventArgs)
UnityEngine.Events.InvokableCall`1:Invoke(T1)
UnityEngine.Events.UnityEvent`1:Invoke(T0)
UnityEngine.XR.Interaction.Toolkit.XRBaseInteractable:OnSelectExited(SelectExitEventArgs)
UnityEngine.XR.Interaction.Toolkit.XRInteractionManager:SelectExit(IXRSelectInteractor, IXRSelectInteractable, SelectExitEventArgs)
UnityEngine.XR.Interaction.Toolkit.XRInteractionManager:SelectExitInternal(IXRSelectInteractor, IXRSelectInteractable, SelectExitEventArgs)
UnityEngine.XR.Interaction.Toolkit.XRInteractionManager:SelectExit(IXRSelectInteractor, IXRSelectInteractable)
UnityEngine.XR.Interaction.Toolkit.XRInteractionManager:SelectExitInternal(IXRSelectInteractor, IXRSelectInteractable)
UnityEngine.XR.Interaction.Toolkit.XRInteractionManager:ClearInteractorSelection(IXRSelectInteractor, List`1)
UnityEngine.XR.Interaction.Toolkit.XRInteractionManager:ClearInteractorSelectionInternal(IXRSelectInteractor, List`1)
UnityEngine.XR.Interaction.Toolkit.XRInteractionManager:Update()

0
UnityEngine.DebugLogHandler:LogFormat(LogType, Object, String, Object[])
UnityEngine.Logger:Log(LogType, Object)
UnityEngine.Debug:Log(Object)
EventManager:initializeSessions()
EventManager:getSessions()
UnityEngine.Events.InvokableCall:Invoke()
UnityEngine.Events.UnityEvent:Invoke()
MixedReality.Toolkit.StatefulInteractable:OnLastSelectExited(SelectExitEventArgs)
UnityEngine.Events.InvokableCall`1:Invoke(T1)
UnityEngine.Events.UnityEvent`1:Invoke(T0)
UnityEngine.XR.Interaction.Toolkit.XRBaseInteractable:OnSelectExited(SelectExitEventArgs)
UnityEngine.XR.Interaction.Toolkit.XRInteractionManager:SelectExit(IXRSelectInteractor, IXRSelectInteractable, SelectExitEventArgs)
UnityEngine.XR.Interaction.Toolkit.XRInteractionManager:SelectExitInternal(IXRSelectInteractor, IXRSelectInteractable, SelectExitEventArgs)
UnityEngine.XR.Interaction.Toolkit.XRInteractionManager:SelectExit(IXRSelectInteractor, IXRSelectInteractable)
UnityEngine.XR.Interaction.Toolkit.XRInteractionManager:SelectExitInternal(IXRSelectInteractor, IXRSelectInteractable)
UnityEngine.XR.Interaction.Toolkit.XRInteractionManager:ClearInteractorSelection(IXRSelectInteractor, List`1)
UnityEngine.XR.Interaction.Toolkit.XRInteractionManager:ClearInteractorSelectionInternal(IXRSelectInteractor, List`1)
UnityEngine.XR.Interaction.Toolkit.XRInteractionManager:Update()

1
UnityEngine.DebugLogHandler:LogFormat(LogType, Object, String, Object[])
UnityEngine.Logger:Log(LogType, Object)
UnityEngine.Debug:Log(Object)
EventManager:initializeSessions()
<GetProcesses>d__113:MoveNext()
UnityEngine.SetupCoroutine:InvokeMoveNext(IEnumerator, IntPtr)

0
UnityEngine.DebugLogHandler:LogFormat(LogType, Object, String, Object[])
UnityEngine.Logger:Log(LogType, Object)
UnityEngine.Debug:Log(Object)
EventManager:initializeSessions()
<GetProcesses>d__113:MoveNext()
UnityEngine.SetupCoroutine:InvokeMoveNext(IEnumerator, IntPtr)

Finished Coroutine at timestamp : 19.17239
UnityEngine.DebugLogHandler:LogFormat(LogType, Object, String, Object[])
UnityEngine.Logger:Log(LogType, Object)
UnityEngine.Debug:Log(Object)
<SetCPR_5Sec>d__125:MoveNext()
UnityEngine.SetupCoroutine:InvokeMoveNext(IEnumerator, IntPtr)

cpr_5sec: True
UnityEngine.DebugLogHandler:LogFormat(LogType, Object, String, Object[])
UnityEngine.Logger:Log(LogType, Object)
UnityEngine.Debug:Log(Object)
<SetCPR_5Sec>d__125:MoveNext()
UnityEngine.SetupCoroutine:InvokeMoveNext(IEnumerator, IntPtr)

Finished Coroutine at timestamp : 19.17239
UnityEngine.DebugLogHandler:LogFormat(LogType, Object, String, Object[])
UnityEngine.Logger:Log(LogType, Object)
UnityEngine.Debug:Log(Object)
<Remove_Noti>d__130:MoveNext()
UnityEngine.SetupCoroutine:InvokeMoveNext(IEnumerator, IntPtr)

Finished Coroutine at timestamp : 19.17239
UnityEngine.DebugLogHandler:LogFormat(LogType, Object, String, Object[])
UnityEngine.Logger:Log(LogType, Object)
UnityEngine.Debug:Log(Object)
<SetEpi_5Sec>d__126:MoveNext()
UnityEngine.SetupCoroutine:InvokeMoveNext(IEnumerator, IntPtr)

epi_5sec: True
UnityEngine.DebugLogHandler:LogFormat(LogType, Object, String, Object[])
UnityEngine.Logger:Log(LogType, Object)
UnityEngine.Debug:Log(Object)
<SetEpi_5Sec>d__126:MoveNext()
UnityEngine.SetupCoroutine:InvokeMoveNext(IEnumerator, IntPtr)

Finished Coroutine at timestamp : 19.17239
UnityEngine.DebugLogHandler:LogFormat(LogType, Object, String, Object[])
UnityEngine.Logger:Log(LogType, Object)
UnityEngine.Debug:Log(Object)
<Remove_Noti>d__130:MoveNext()
UnityEngine.SetupCoroutine:InvokeMoveNext(IEnumerator, IntPtr)

1
UnityEngine.DebugLogHandler:LogFormat(LogType, Object, String, Object[])
UnityEngine.Logger:Log(LogType, Object)
UnityEngine.Debug:Log(Object)
EventManager:initializeSessions()
EventManager:getSessions()
UnityEngine.Events.InvokableCall:Invoke()
UnityEngine.Events.UnityEvent:Invoke()
MixedReality.Toolkit.StatefulInteractable:OnLastSelectExited(SelectExitEventArgs)
UnityEngine.Events.InvokableCall`1:Invoke(T1)
UnityEngine.Events.UnityEvent`1:Invoke(T0)
UnityEngine.XR.Interaction.Toolkit.XRBaseInteractable:OnSelectExited(SelectExitEventArgs)
UnityEngine.XR.Interaction.Toolkit.XRInteractionManager:SelectExit(IXRSelectInteractor, IXRSelectInteractable, SelectExitEventArgs)
UnityEngine.XR.Interaction.Toolkit.XRInteractionManager:SelectExitInternal(IXRSelectInteractor, IXRSelectInteractable, SelectExitEventArgs)
UnityEngine.XR.Interaction.Toolkit.XRInteractionManager:SelectExit(IXRSelectInteractor, IXRSelectInteractable)
UnityEngine.XR.Interaction.Toolkit.XRInteractionManager:SelectExitInternal(IXRSelectInteractor, IXRSelectInteractable)
UnityEngine.XR.Interaction.Toolkit.XRInteractionManager:ClearInteractorSelection(IXRSelectInteractor, List`1)
UnityEngine.XR.Interaction.Toolkit.XRInteractionManager:ClearInteractorSelectionInternal(IXRSelectInteractor, List`1)
UnityEngine.XR.Interaction.Toolkit.XRInteractionManager:Update()

0
UnityEngine.DebugLogHandler:LogFormat(LogType, Object, String, Object[])
UnityEngine.Logger:Log(LogType, Object)
UnityEngine.Debug:Log(Object)
EventManager:initializeSessions()
EventManager:getSessions()
UnityEngine.Events.InvokableCall:Invoke()
UnityEngine.Events.UnityEvent:Invoke()
MixedReality.Toolkit.StatefulInteractable:OnLastSelectExited(SelectExitEventArgs)
UnityEngine.Events.InvokableCall`1:Invoke(T1)
UnityEngine.Events.UnityEvent`1:Invoke(T0)
UnityEngine.XR.Interaction.Toolkit.XRBaseInteractable:OnSelectExited(SelectExitEventArgs)
UnityEngine.XR.Interaction.Toolkit.XRInteractionManager:SelectExit(IXRSelectInteractor, IXRSelectInteractable, SelectExitEventArgs)
UnityEngine.XR.Interaction.Toolkit.XRInteractionManager:SelectExitInternal(IXRSelectInteractor, IXRSelectInteractable, SelectExitEventArgs)
UnityEngine.XR.Interaction.Toolkit.XRInteractionManager:SelectExit(IXRSelectInteractor, IXRSelectInteractable)
UnityEngine.XR.Interaction.Toolkit.XRInteractionManager:SelectExitInternal(IXRSelectInteractor, IXRSelectInteractable)
UnityEngine.XR.Interaction.Toolkit.XRInteractionManager:ClearInteractorSelection(IXRSelectInteractor, List`1)
UnityEngine.XR.Interaction.Toolkit.XRInteractionManager:ClearInteractorSelectionInternal(IXRSelectInteractor, List`1)
UnityEngine.XR.Interaction.Toolkit.XRInteractionManager:Update()

1
UnityEngine.DebugLogHandler:LogFormat(LogType, Object, String, Object[])
UnityEngine.Logger:Log(LogType, Object)
UnityEngine.Debug:Log(Object)
EventManager:initializeSessions()
<GetProcesses>d__113:MoveNext()
UnityEngine.SetupCoroutine:InvokeMoveNext(IEnumerator, IntPtr)

0
UnityEngine.DebugLogHandler:LogFormat(LogType, Object, String, Object[])
UnityEngine.Logger:Log(LogType, Object)
UnityEngine.Debug:Log(Object)
EventManager:initializeSessions()
<GetProcesses>d__113:MoveNext()
UnityEngine.SetupCoroutine:InvokeMoveNext(IEnumerator, IntPtr)

{"processId":"da6f3aea-fb7b-473f-9430-7f971ea6cabb","lightPatientModel":{},"startingTime":"2024-12-27T08:06:15.203395691Z","shortCode":"SEET"}
UnityEngine.DebugLogHandler:LogFormat(LogType, Object, String, Object[])
UnityEngine.Logger:Log(LogType, Object)
UnityEngine.Debug:Log(Object)
<GetProcesses>d__113:MoveNext()
UnityEngine.SetupCoroutine:InvokeMoveNext(IEnumerator, IntPtr)

FileNotFoundException: Could not find file "C:\Data\Users\DefaultAccount\AppData\Local\DevelopmentFiles\CPRUIVS.Release_ARM64.ryanminseok.kang\Data\medications.json"
  at System.IO.FileStream..ctor (System.String path, System.IO.FileMode mode, System.IO.FileAccess access, System.IO.FileShare share, System.Int32 bufferSize, System.Boolean anonymous, System.IO.FileOptions options) [0x00000] in <00000000000000000000000000000000>:0 
  at System.IO.FileStream..ctor (System.String path, System.IO.FileMode mode, System.IO.FileAccess access, System.IO.FileShare share, System.Int32 bufferSize, System.IO.FileOptions options) [0x00000] in <00000000000000000000000000000000>:0 
  at System.IO.StreamReader..ctor (System.String path, System.Text.Encoding encoding, System.Boolean detectEncodingFromByteOrderMarks, System.Int32 bufferSize) [0x00000] in <00000000000000000000000000000000>:0 
  at System.IO.File.InternalReadAllText (System.String path, System.Text.Encoding encoding) [0x00000] in <00000000000000000000000000000000>:0 
  at System.IO.File.ReadAllText (System.String path) [0x00000] in <00000000000000000000000000000000>:0 
  at MedicationFinder..cctor () [0x00000] in <00000000000000000000000000000000>:0 
  at EventManager.startConnection (System.String processId, System.String shortCode) [0x00000] in <00000000000000000000000000000000>:0 
  at EventManager+<>c__DisplayClass113_0.<GetProcesses>b__0 () [0x00000] in <00000000000000000000000000000000>:0 
  at UnityEngine.Events.InvokableCall.Invoke () [0x00000] in <00000000000000000000000000000000>:0 
  at UnityEngine.Events.UnityEvent.Invoke () [0x00000] in <00000000000000000000000000000000>:0 
  at MixedReality.Toolkit.StatefulInteractable.OnLastSelectExited (UnityEngine.XR.Interaction.Toolkit.SelectExitEventArgs args) [0x00000] in <00000000000000000000000000000000>:0 
  at UnityEngine.Events.InvokableCall`1[T1].Invoke (T1 args0) [0x00000] in <00000000000000000000000000000000>:0 
  at UnityEngine.Events.UnityEvent`1[T0].Invoke (T0 arg0) [0x00000] in <00000000000000000000000000000000>:0 
  at UnityEngine.XR.Interaction.Toolkit.XRBaseInteractable.OnSelectExited (UnityEngine.XR.Interaction.Toolkit.SelectExitEventArgs args) [0x00000] in <00000000000000000000000000000000>:0 
  at UnityEngine.XR.Interaction.Toolkit.XRInteractionManager.SelectExit (UnityEngine.XR.Interaction.Toolkit.IXRSelectInteractor interactor, UnityEngine.XR.Interaction.Toolkit.IXRSelectInteractable interactable, UnityEngine.XR.Interaction.Toolkit.SelectExitEventArgs args) [0x00000] in <00000000000000000000000000000000>:0 
  at UnityEngine.XR.Interaction.Toolkit.XRInteractionManager.SelectExitInternal (UnityEngine.XR.Interaction.Toolkit.IXRSelectInteractor interactor, UnityEngine.XR.Interaction.Toolkit.IXRSelectInteractable interactable, UnityEngine.XR.Interaction.Toolkit.SelectExitEventArgs args) [0x00000] in <00000000000000000000000000000000>:0 
  at UnityEngine.XR.Interaction.Toolkit.XRInteractionManager.SelectExit (UnityEngine.XR.Interaction.Toolkit.IXRSelectInteractor interactor, UnityEngine.XR.Interaction.Toolkit.IXRSelectInteractable interactable) [0x00000] in <00000000000000000000000000000000>:0 
  at UnityEngine.XR.Interaction.Toolkit.XRInteractionManager.SelectExitInternal (UnityEngine.XR.Interaction.Toolkit.IXRSelectInteractor interactor, UnityEngine.XR.Interaction.Toolkit.IXRSelectInteractable interactable) [0x00000] in <00000000000000000000000000000000>:0 
  at UnityEngine.XR.Interaction.Toolkit.XRInteractionManager.ClearInteractorSelection (UnityEngine.XR.Interaction.Toolkit.IXRSelectInteractor interactor, System.Collections.Generic.List`1[T] validTargets) [0x00000] in <00000000000000000000000000000000>:0 
  at UnityEngine.XR.Interaction.Toolkit.XRInteractionManager.ClearInteractorSelectionInternal (UnityEngine.XR.Interaction.Toolkit.IXRSelectInteractor interactor, System.Collections.Generic.List`1[T] validTargets) [0x00000] in <00000000000000000000000000000000>:0 
  at UnityEngine.XR.Interaction.Toolkit.XRInteractionManager.Update () [0x00000] in <00000000000000000000000000000000>:0 
Rethrow as TypeInitializationException: The type initializer for 'MedicationFinder' threw an exception.
  at EventManager.startConnection (System.String processId, System.String shortCode) [0x00000] in <00000000000000000000000000000000>:0 
  at EventManager+<>c__DisplayClass113_0.<GetProcesses>b__0 () [0x00000] in <00000000000000000000000000000000>:0 
  at UnityEngine.Events.InvokableCall.Invoke () [0x00000] in <00000000000000000000000000000000>:0 
  at UnityEngine.Events.UnityEvent.Invoke () [0x00000] in <00000000000000000000000000000000>:0 
  at MixedReality.Toolkit.StatefulInteractable.OnLastSelectExited (UnityEngine.XR.Interaction.Toolkit.SelectExitEventArgs args) [0x00000] in <00000000000000000000000000000000>:0 
  at UnityEngine.Events.InvokableCall`1[T1].Invoke (T1 args0) [0x00000] in <00000000000000000000000000000000>:0 
  at UnityEngine.Events.UnityEvent`1[T0].Invoke (T0 arg0) [0x00000] in <00000000000000000000000000000000>:0 
  at UnityEngine.XR.Interaction.Toolkit.XRBaseInteractable.OnSelectExited (UnityEngine.XR.Interaction.Toolkit.SelectExitEventArgs args) [0x00000] in <00000000000000000000000000000000>:0 
  at UnityEngine.XR.Interaction.Toolkit.XRInteractionManager.SelectExit (UnityEngine.XR.Interaction.Toolkit.IXRSelectInteractor interactor, UnityEngine.XR.Interaction.Toolkit.IXRSelectInteractable interactable, UnityEngine.XR.Interaction.Toolkit.SelectExitEventArgs args) [0x00000] in <00000000000000000000000000000000>:0 
  at UnityEngine.XR.Interaction.Toolkit.XRInteractionManager.SelectExitInternal (UnityEngine.XR.Interaction.Toolkit.IXRSelectInteractor interactor, UnityEngine.XR.Interaction.Toolkit.IXRSelectInteractable interactable, UnityEngine.XR.Interaction.Toolkit.SelectExitEventArgs args) [0x00000] in <00000000000000000000000000000000>:0 
  at UnityEngine.XR.Interaction.Toolkit.XRInteractionManager.SelectExit (UnityEngine.XR.Interaction.Toolkit.IXRSelectInteractor interactor, UnityEngine.XR.Interaction.Toolkit.IXRSelectInteractable interactable) [0x00000] in <00000000000000000000000000000000>:0 
  at UnityEngine.XR.Interaction.Toolkit.XRInteractionManager.SelectExitInternal (UnityEngine.XR.Interaction.Toolkit.IXRSelectInteractor interactor, UnityEngine.XR.Interaction.Toolkit.IXRSelectInteractable interactable) [0x00000] in <00000000000000000000000000000000>:0 
  at UnityEngine.XR.Interaction.Toolkit.XRInteractionManager.ClearInteractorSelection (UnityEngine.XR.Interaction.Toolkit.IXRSelectInteractor interactor, System.Collections.Generic.List`1[T] validTargets) [0x00000] in <00000000000000000000000000000000>:0 
  at UnityEngine.XR.Interaction.Toolkit.XRInteractionManager.ClearInteractorSelectionInternal (UnityEngine.XR.Interaction.Toolkit.IXRSelectInteractor interactor, System.Collections.Generic.List`1[T] validTargets) [0x00000] in <00000000000000000000000000000000>:0 
  at UnityEngine.XR.Interaction.Toolkit.XRInteractionManager.Update () [0x00000] in <00000000000000000000000000000000>:0 

FileNotFoundException: Could not find file "C:\Data\Users\DefaultAccount\AppData\Local\DevelopmentFiles\CPRUIVS.Release_ARM64.ryanminseok.kang\Data\medications.json"
  at System.IO.FileStream..ctor (System.String path, System.IO.FileMode mode, System.IO.FileAccess access, System.IO.FileShare share, System.Int32 bufferSize, System.Boolean anonymous, System.IO.FileOptions options) [0x00000] in <00000000000000000000000000000000>:0 
  at System.IO.FileStream..ctor (System.String path, System.IO.FileMode mode, System.IO.FileAccess access, System.IO.FileShare share, System.Int32 bufferSize, System.IO.FileOptions options) [0x00000] in <00000000000000000000000000000000>:0 
  at System.IO.StreamReader..ctor (System.String path, System.Text.Encoding encoding, System.Boolean detectEncodingFromByteOrderMarks, System.Int32 bufferSize) [0x00000] in <00000000000000000000000000000000>:0 
  at System.IO.File.InternalReadAllText (System.String path, System.Text.Encoding encoding) [0x00000] in <00000000000000000000000000000000>:0 
  at System.IO.File.ReadAllText (System.String path) [0x00000] in <00000000000000000000000000000000>:0 
  at MedicationFinder..cctor () [0x00000] in <00000000000000000000000000000000>:0 
  at EventManager.startConnection (System.String processId, System.String shortCode) [0x00000] in <00000000000000000000000000000000>:0 
  at EventManager+<>c__DisplayClass113_0.<GetProcesses>b__0 () [0x00000] in <00000000000000000000000000000000>:0 
  at UnityEngine.Events.InvokableCall.Invoke () [0x00000] in <00000000000000000000000000000000>:0 
  at UnityEngine.Events.UnityEvent.Invoke () [0x00000] in <00000000000000000000000000000000>:0 
  at MixedReality.Toolkit.StatefulInteractable.OnLastSelectExited (UnityEngine.XR.Interaction.Toolkit.SelectExitEventArgs args) [0x00000] in <00000000000000000000000000000000>:0 
  at UnityEngine.Events.InvokableCall`1[T1].Invoke (T1 args0) [0x00000] in <00000000000000000000000000000000>:0 
  at UnityEngine.Events.UnityEvent`1[T0].Invoke (T0 arg0) [0x00000] in <00000000000000000000000000000000>:0 
  at UnityEngine.XR.Interaction.Toolkit.XRBaseInteractable.OnSelectExited (UnityEngine.XR.Interaction.Toolkit.SelectExitEventArgs args) [0x00000] in <00000000000000000000000000000000>:0 
  at UnityEngine.XR.Interaction.Toolkit.XRInteractionManager.SelectExit (UnityEngine.XR.Interaction.Toolkit.IXRSelectInteractor interactor, UnityEngine.XR.Interaction.Toolkit.IXRSelectInteractable interactable, UnityEngine.XR.Interaction.Toolkit.SelectExitEventArgs args) [0x00000] in <00000000000000000000000000000000>:0 
  at UnityEngine.XR.Interaction.Toolkit.XRInteractionManager.SelectExitInternal (UnityEngine.XR.Interaction.Toolkit.IXRSelectInteractor interactor, UnityEngine.XR.Interaction.Toolkit.IXRSelectInteractable interactable, UnityEngine.XR.Interaction.Toolkit.SelectExitEventArgs args) [0x00000] in <00000000000000000000000000000000>:0 
  at UnityEngine.XR.Interaction.Toolkit.XRInteractionManager.SelectExit (UnityEngine.XR.Interaction.Toolkit.IXRSelectInteractor interactor, UnityEngine.XR.Interaction.Toolkit.IXRSelectInteractable interactable) [0x00000] in <00000000000000000000000000000000>:0 
  at UnityEngine.XR.Interaction.Toolkit.XRInteractionManager.SelectExitInternal (UnityEngine.XR.Interaction.Toolkit.IXRSelectInteractor interactor, UnityEngine.XR.Interaction.Toolkit.IXRSelectInteractable interactable) [0x00000] in <00000000000000000000000000000000>:0 
  at UnityEngine.XR.Interaction.Toolkit.XRInteractionManager.ClearInteractorSelection (UnityEngine.XR.Interaction.Toolkit.IXRSelectInteractor interactor, System.Collections.Generic.List`1[T] validTargets) [0x00000] in <00000000000000000000000000000000>:0 
  at UnityEngine.XR.Interaction.Toolkit.XRInteractionManager.ClearInteractorSelectionInternal (UnityEngine.XR.Interaction.Toolkit.IXRSelectInteractor interactor, System.Collections.Generic.List`1[T] validTargets) [0x00000] in <00000000000000000000000000000000>:0 
  at UnityEngine.XR.Interaction.Toolkit.XRInteractionManager.Update () [0x00000] in <00000000000000000000000000000000>:0 
Rethrow as TypeInitializationException: The type initializer for 'MedicationFinder' threw an exception.
  at EventManager.startConnection (System.String processId, System.String shortCode) [0x00000] in <00000000000000000000000000000000>:0 
  at EventManager+<>c__DisplayClass113_0.<GetProcesses>b__0 () [0x00000] in <00000000000000000000000000000000>:0 
  at UnityEngine.Events.InvokableCall.Invoke () [0x00000] in <00000000000000000000000000000000>:0 
  at UnityEngine.Events.UnityEvent.Invoke () [0x00000] in <00000000000000000000000000000000>:0 
  at MixedReality.Toolkit.StatefulInteractable.OnLastSelectExited (UnityEngine.XR.Interaction.Toolkit.SelectExitEventArgs args) [0x00000] in <00000000000000000000000000000000>:0 
  at UnityEngine.Events.InvokableCall`1[T1].Invoke (T1 args0) [0x00000] in <00000000000000000000000000000000>:0 
  at UnityEngine.Events.UnityEvent`1[T0].Invoke (T0 arg0) [0x00000] in <00000000000000000000000000000000>:0 
  at UnityEngine.XR.Interaction.Toolkit.XRBaseInteractable.OnSelectExited (UnityEngine.XR.Interaction.Toolkit.SelectExitEventArgs args) [0x00000] in <00000000000000000000000000000000>:0 
  at UnityEngine.XR.Interaction.Toolkit.XRInteractionManager.SelectExit (UnityEngine.XR.Interaction.Toolkit.IXRSelectInteractor interactor, UnityEngine.XR.Interaction.Toolkit.IXRSelectInteractable interactable, UnityEngine.XR.Interaction.Toolkit.SelectExitEventArgs args) [0x00000] in <00000000000000000000000000000000>:0 
  at UnityEngine.XR.Interaction.Toolkit.XRInteractionManager.SelectExitInternal (UnityEngine.XR.Interaction.Toolkit.IXRSelectInteractor interactor, UnityEngine.XR.Interaction.Toolkit.IXRSelectInteractable interactable, UnityEngine.XR.Interaction.Toolkit.SelectExitEventArgs args) [0x00000] in <00000000000000000000000000000000>:0 
  at UnityEngine.XR.Interaction.Toolkit.XRInteractionManager.SelectExit (UnityEngine.XR.Interaction.Toolkit.IXRSelectInteractor interactor, UnityEngine.XR.Interaction.Toolkit.IXRSelectInteractable interactable) [0x00000] in <00000000000000000000000000000000>:0 
  at UnityEngine.XR.Interaction.Toolkit.XRInteractionManager.SelectExitInternal (UnityEngine.XR.Interaction.Toolkit.IXRSelectInteractor interactor, UnityEngine.XR.Interaction.Toolkit.IXRSelectInteractable interactable) [0x00000] in <00000000000000000000000000000000>:0 
  at UnityEngine.XR.Interaction.Toolkit.XRInteractionManager.ClearInteractorSelection (UnityEngine.XR.Interaction.Toolkit.IXRSelectInteractor interactor, System.Collections.Generic.List`1[T] validTargets) [0x00000] in <00000000000000000000000000000000>:0 
  at UnityEngine.XR.Interaction.Toolkit.XRInteractionManager.ClearInteractorSelectionInternal (UnityEngine.XR.Interaction.Toolkit.IXRSelectInteractor interactor, System.Collections.Generic.List`1[T] validTargets) [0x00000] in <00000000000000000000000000000000>:0 
  at UnityEngine.XR.Interaction.Toolkit.XRInteractionManager.Update () [0x00000] in <00000000000000000000000000000000>:0 

